0 info it worked if it ends with ok
1 verbose cli [ '/Users/jakehasler/.nvm/versions/node/v5.4.1/bin/node',
1 verbose cli   '/Users/jakehasler/.nvm/versions/node/v5.4.1/bin/npm',
1 verbose cli   'uninstall',
1 verbose cli   '--save',
1 verbose cli   'request' ]
2 info using npm@3.3.12
3 info using node@v5.4.1
4 silly loadCurrentTree Starting
5 silly install loadCurrentTree
6 silly install readLocalPackageData
7 silly install normalizeTree
8 silly loadCurrentTree Finishing
9 silly loadIdealTree Starting
10 silly install loadIdealTree
11 silly cloneCurrentTree Starting
12 silly install cloneCurrentTreeToIdealTree
13 silly cloneCurrentTree Finishing
14 silly loadShrinkwrap Starting
15 silly install loadShrinkwrap
16 silly loadShrinkwrap Finishing
17 silly loadAllDepsIntoIdealTree Starting
18 silly uninstall loadAllDepsIntoIdealtree
19 silly loadAllDepsIntoIdealTree Finishing
20 silly idealTree:prePrune Swapi@1.0.0
20 silly idealTree:prePrune ├── accepts@1.2.13
20 silly idealTree:prePrune ├── acorn@3.1.0
20 silly idealTree:prePrune ├── align-text@0.1.4
20 silly idealTree:prePrune ├── alphanum-sort@1.0.2
20 silly idealTree:prePrune ├── amdefine@1.0.0
20 silly idealTree:prePrune ├── angular@1.5.5
20 silly idealTree:prePrune ├── ansi-regex@2.0.0
20 silly idealTree:prePrune ├── ansi-styles@2.2.1
20 silly idealTree:prePrune ├── anymatch@1.3.0
20 silly idealTree:prePrune ├── argparse@1.0.7
20 silly idealTree:prePrune ├── arr-diff@2.0.0
20 silly idealTree:prePrune ├── arr-flatten@1.0.1
20 silly idealTree:prePrune ├── array-flatten@1.1.1
20 silly idealTree:prePrune ├── array-unique@0.2.1
20 silly idealTree:prePrune ├── arrify@1.0.1
20 silly idealTree:prePrune ├── asap@2.0.4
20 silly idealTree:prePrune ├── asn1@0.2.3
20 silly idealTree:prePrune ├── assert-plus@0.2.0
20 silly idealTree:prePrune ├── assert@1.3.0
20 silly idealTree:prePrune ├── async-each@1.0.0
20 silly idealTree:prePrune ├── async@0.2.10
20 silly idealTree:prePrune ├── autoprefixer@6.3.6
20 silly idealTree:prePrune ├── aws-sign2@0.6.0
20 silly idealTree:prePrune ├── aws4@1.4.1
20 silly idealTree:prePrune ├── axios@0.12.0
20 silly idealTree:prePrune ├── babel-code-frame@6.8.0
20 silly idealTree:prePrune ├── babel-core@6.8.0
20 silly idealTree:prePrune ├── babel-generator@6.8.0
20 silly idealTree:prePrune ├── babel-helper-call-delegate@6.8.0
20 silly idealTree:prePrune ├── babel-helper-define-map@6.8.0
20 silly idealTree:prePrune ├── babel-helper-function-name@6.8.0
20 silly idealTree:prePrune ├── babel-helper-get-function-arity@6.8.0
20 silly idealTree:prePrune ├── babel-helper-hoist-variables@6.8.0
20 silly idealTree:prePrune ├── babel-helper-optimise-call-expression@6.8.0
20 silly idealTree:prePrune ├── babel-helper-regex@6.8.0
20 silly idealTree:prePrune ├── babel-helper-replace-supers@6.8.0
20 silly idealTree:prePrune ├── babel-helpers@6.8.0
20 silly idealTree:prePrune ├── babel-loader@6.2.4
20 silly idealTree:prePrune ├── babel-messages@6.8.0
20 silly idealTree:prePrune ├── babel-plugin-check-es2015-constants@6.8.0
20 silly idealTree:prePrune ├── babel-plugin-syntax-async-functions@6.8.0
20 silly idealTree:prePrune ├── babel-plugin-transform-es2015-arrow-functions@6.8.0
20 silly idealTree:prePrune ├── babel-plugin-transform-es2015-block-scoped-functions@6.8.0
20 silly idealTree:prePrune ├── babel-plugin-transform-es2015-block-scoping@6.8.0
20 silly idealTree:prePrune ├── babel-plugin-transform-es2015-classes@6.8.0
20 silly idealTree:prePrune ├── babel-plugin-transform-es2015-computed-properties@6.8.0
20 silly idealTree:prePrune ├── babel-plugin-transform-es2015-destructuring@6.8.0
20 silly idealTree:prePrune ├── babel-plugin-transform-es2015-duplicate-keys@6.8.0
20 silly idealTree:prePrune ├── babel-plugin-transform-es2015-for-of@6.8.0
20 silly idealTree:prePrune ├── babel-plugin-transform-es2015-function-name@6.8.0
20 silly idealTree:prePrune ├── babel-plugin-transform-es2015-literals@6.8.0
20 silly idealTree:prePrune ├── babel-plugin-transform-es2015-modules-commonjs@6.8.0
20 silly idealTree:prePrune ├── babel-plugin-transform-es2015-object-super@6.8.0
20 silly idealTree:prePrune ├── babel-plugin-transform-es2015-parameters@6.8.0
20 silly idealTree:prePrune ├── babel-plugin-transform-es2015-shorthand-properties@6.8.0
20 silly idealTree:prePrune ├── babel-plugin-transform-es2015-spread@6.8.0
20 silly idealTree:prePrune ├── babel-plugin-transform-es2015-sticky-regex@6.8.0
20 silly idealTree:prePrune ├── babel-plugin-transform-es2015-template-literals@6.8.0
20 silly idealTree:prePrune ├── babel-plugin-transform-es2015-typeof-symbol@6.8.0
20 silly idealTree:prePrune ├── babel-plugin-transform-es2015-unicode-regex@6.8.0
20 silly idealTree:prePrune ├── babel-plugin-transform-regenerator@6.8.0
20 silly idealTree:prePrune ├── babel-plugin-transform-strict-mode@6.8.0
20 silly idealTree:prePrune ├── babel-preset-es2015@6.6.0
20 silly idealTree:prePrune ├── babel-register@6.8.0
20 silly idealTree:prePrune ├── babel-runtime@6.6.1
20 silly idealTree:prePrune ├── babel-template@6.8.0
20 silly idealTree:prePrune ├── babel-traverse@6.8.0
20 silly idealTree:prePrune ├── babel-types@6.8.1
20 silly idealTree:prePrune ├── babylon@6.8.0
20 silly idealTree:prePrune ├── balanced-match@0.4.1
20 silly idealTree:prePrune ├── base64-js@0.0.8
20 silly idealTree:prePrune ├── Base64@0.2.1
20 silly idealTree:prePrune ├── basic-auth@1.0.3
20 silly idealTree:prePrune ├── batch@0.5.3
20 silly idealTree:prePrune ├── big.js@3.1.3
20 silly idealTree:prePrune ├── binary-extensions@1.4.0
20 silly idealTree:prePrune ├─┬ bl@1.1.2
20 silly idealTree:prePrune │ └── readable-stream@2.0.6
20 silly idealTree:prePrune ├── bluebird@2.10.2
20 silly idealTree:prePrune ├── boom@2.10.1
20 silly idealTree:prePrune ├── brace-expansion@1.1.4
20 silly idealTree:prePrune ├── braces@1.8.4
20 silly idealTree:prePrune ├── browserify-zlib@0.1.4
20 silly idealTree:prePrune ├── browserslist@1.3.1
20 silly idealTree:prePrune ├── bson@0.4.23
20 silly idealTree:prePrune ├── buffer@3.6.0
20 silly idealTree:prePrune ├── bytes@2.2.0
20 silly idealTree:prePrune ├── camelcase@1.2.1
20 silly idealTree:prePrune ├── caniuse-db@1.0.30000463
20 silly idealTree:prePrune ├── caseless@0.11.0
20 silly idealTree:prePrune ├── center-align@0.1.3
20 silly idealTree:prePrune ├── chalk@1.1.3
20 silly idealTree:prePrune ├── chokidar@1.4.3
20 silly idealTree:prePrune ├─┬ clap@1.1.0
20 silly idealTree:prePrune │ └── chalk@1.1.1
20 silly idealTree:prePrune ├── cliui@2.1.0
20 silly idealTree:prePrune ├── clone@1.0.2
20 silly idealTree:prePrune ├── coa@1.0.1
20 silly idealTree:prePrune ├── color-convert@0.5.3
20 silly idealTree:prePrune ├── color-name@1.1.1
20 silly idealTree:prePrune ├── color-string@0.3.0
20 silly idealTree:prePrune ├── color@0.11.1
20 silly idealTree:prePrune ├── colormin@1.1.0
20 silly idealTree:prePrune ├── colors@1.1.2
20 silly idealTree:prePrune ├── combined-stream@1.0.5
20 silly idealTree:prePrune ├── commander@2.9.0
20 silly idealTree:prePrune ├── compressible@2.0.7
20 silly idealTree:prePrune ├─┬ compression@1.6.1
20 silly idealTree:prePrune │ ├── accepts@1.3.3
20 silly idealTree:prePrune │ ├── negotiator@0.6.1
20 silly idealTree:prePrune │ └── vary@1.1.0
20 silly idealTree:prePrune ├── concat-map@0.0.1
20 silly idealTree:prePrune ├── connect-history-api-fallback@1.1.0
20 silly idealTree:prePrune ├── console-browserify@1.1.0
20 silly idealTree:prePrune ├── constants-browserify@0.0.1
20 silly idealTree:prePrune ├── content-disposition@0.5.1
20 silly idealTree:prePrune ├── content-type@1.0.1
20 silly idealTree:prePrune ├── convert-source-map@1.2.0
20 silly idealTree:prePrune ├── cookie-signature@1.0.6
20 silly idealTree:prePrune ├── cookie@0.1.5
20 silly idealTree:prePrune ├── core-js@2.3.0
20 silly idealTree:prePrune ├── core-util-is@1.0.2
20 silly idealTree:prePrune ├── cryptiles@2.0.5
20 silly idealTree:prePrune ├── crypto-browserify@3.2.8
20 silly idealTree:prePrune ├── css-color-names@0.0.3
20 silly idealTree:prePrune ├── css-loader@0.23.1
20 silly idealTree:prePrune ├── css-selector-tokenizer@0.5.4
20 silly idealTree:prePrune ├── cssesc@0.1.0
20 silly idealTree:prePrune ├── cssnano@3.5.2
20 silly idealTree:prePrune ├── csso@2.0.0
20 silly idealTree:prePrune ├─┬ dashdash@1.14.0
20 silly idealTree:prePrune │ └── assert-plus@1.0.0
20 silly idealTree:prePrune ├── date-now@0.1.4
20 silly idealTree:prePrune ├── debug@2.2.0
20 silly idealTree:prePrune ├── decamelize@1.2.0
20 silly idealTree:prePrune ├── defined@1.0.0
20 silly idealTree:prePrune ├── delayed-stream@1.0.0
20 silly idealTree:prePrune ├── depd@1.1.0
20 silly idealTree:prePrune ├── destroy@1.0.4
20 silly idealTree:prePrune ├── detect-indent@3.0.1
20 silly idealTree:prePrune ├── domain-browser@1.1.7
20 silly idealTree:prePrune ├── dotenv@2.0.0
20 silly idealTree:prePrune ├── ecc-jsbn@0.1.1
20 silly idealTree:prePrune ├── ee-first@1.1.1
20 silly idealTree:prePrune ├── ejs@2.4.1
20 silly idealTree:prePrune ├── emojis-list@1.0.2
20 silly idealTree:prePrune ├─┬ enhanced-resolve@0.9.1
20 silly idealTree:prePrune │ └── memory-fs@0.2.0
20 silly idealTree:prePrune ├── errno@0.1.4
20 silly idealTree:prePrune ├── es6-promise@3.0.2
20 silly idealTree:prePrune ├── escape-html@1.0.3
20 silly idealTree:prePrune ├── escape-string-regexp@1.0.5
20 silly idealTree:prePrune ├── esprima@2.7.2
20 silly idealTree:prePrune ├── esutils@2.0.2
20 silly idealTree:prePrune ├── etag@1.7.0
20 silly idealTree:prePrune ├── eventemitter3@1.2.0
20 silly idealTree:prePrune ├── events@1.1.0
20 silly idealTree:prePrune ├── eventsource@0.1.6
20 silly idealTree:prePrune ├── expand-brackets@0.1.5
20 silly idealTree:prePrune ├── expand-range@1.8.1
20 silly idealTree:prePrune ├─┬ express@4.13.4
20 silly idealTree:prePrune │ └── qs@4.0.0
20 silly idealTree:prePrune ├── extend@3.0.0
20 silly idealTree:prePrune ├── extglob@0.3.2
20 silly idealTree:prePrune ├─┬ extract-text-webpack-plugin@1.0.1
20 silly idealTree:prePrune │ └── async@1.5.2
20 silly idealTree:prePrune ├── extsprintf@1.0.2
20 silly idealTree:prePrune ├── fastparse@1.1.1
20 silly idealTree:prePrune ├── faye-websocket@0.10.0
20 silly idealTree:prePrune ├── file-loader@0.8.5
20 silly idealTree:prePrune ├── filename-regex@2.0.0
20 silly idealTree:prePrune ├── fill-range@2.2.3
20 silly idealTree:prePrune ├── finalhandler@0.4.1
20 silly idealTree:prePrune ├── flatten@1.0.2
20 silly idealTree:prePrune ├── follow-redirects@0.0.7
20 silly idealTree:prePrune ├── for-in@0.1.5
20 silly idealTree:prePrune ├── for-own@0.1.4
20 silly idealTree:prePrune ├── forever-agent@0.6.1
20 silly idealTree:prePrune ├─┬ form-data@1.0.0-rc4
20 silly idealTree:prePrune │ └── async@1.5.2
20 silly idealTree:prePrune ├── forwarded@0.1.0
20 silly idealTree:prePrune ├── fresh@0.3.0
20 silly idealTree:prePrune ├─┬ fsevents@1.0.12
20 silly idealTree:prePrune │ ├── ansi-regex@2.0.0
20 silly idealTree:prePrune │ ├── ansi-styles@2.2.1
20 silly idealTree:prePrune │ ├── ansi@0.3.1
20 silly idealTree:prePrune │ ├── are-we-there-yet@1.1.2
20 silly idealTree:prePrune │ ├── asn1@0.2.3
20 silly idealTree:prePrune │ ├── assert-plus@0.2.0
20 silly idealTree:prePrune │ ├── async@1.5.2
20 silly idealTree:prePrune │ ├── aws-sign2@0.6.0
20 silly idealTree:prePrune │ ├─┬ aws4@1.3.2
20 silly idealTree:prePrune │ │ └─┬ lru-cache@4.0.1
20 silly idealTree:prePrune │ │   ├── pseudomap@1.0.2
20 silly idealTree:prePrune │ │   └── yallist@2.0.0
20 silly idealTree:prePrune │ ├── bl@1.0.3
20 silly idealTree:prePrune │ ├── block-stream@0.0.8
20 silly idealTree:prePrune │ ├── boom@2.10.1
20 silly idealTree:prePrune │ ├── caseless@0.11.0
20 silly idealTree:prePrune │ ├── chalk@1.1.3
20 silly idealTree:prePrune │ ├── combined-stream@1.0.5
20 silly idealTree:prePrune │ ├── commander@2.9.0
20 silly idealTree:prePrune │ ├── core-util-is@1.0.2
20 silly idealTree:prePrune │ ├── cryptiles@2.0.5
20 silly idealTree:prePrune │ ├─┬ dashdash@1.13.0
20 silly idealTree:prePrune │ │ └── assert-plus@1.0.0
20 silly idealTree:prePrune │ ├── debug@2.2.0
20 silly idealTree:prePrune │ ├── deep-extend@0.4.1
20 silly idealTree:prePrune │ ├── delayed-stream@1.0.0
20 silly idealTree:prePrune │ ├── delegates@1.0.0
20 silly idealTree:prePrune │ ├── ecc-jsbn@0.1.1
20 silly idealTree:prePrune │ ├── escape-string-regexp@1.0.5
20 silly idealTree:prePrune │ ├── extend@3.0.0
20 silly idealTree:prePrune │ ├── extsprintf@1.0.2
20 silly idealTree:prePrune │ ├── forever-agent@0.6.1
20 silly idealTree:prePrune │ ├── form-data@1.0.0-rc4
20 silly idealTree:prePrune │ ├─┬ fstream-ignore@1.0.3
20 silly idealTree:prePrune │ │ └─┬ minimatch@3.0.0
20 silly idealTree:prePrune │ │   └─┬ brace-expansion@1.1.3
20 silly idealTree:prePrune │ │     ├── balanced-match@0.3.0
20 silly idealTree:prePrune │ │     └── concat-map@0.0.1
20 silly idealTree:prePrune │ ├── fstream@1.0.8
20 silly idealTree:prePrune │ ├── gauge@1.2.7
20 silly idealTree:prePrune │ ├── generate-function@2.0.0
20 silly idealTree:prePrune │ ├── generate-object-property@1.2.0
20 silly idealTree:prePrune │ ├── graceful-fs@4.1.3
20 silly idealTree:prePrune │ ├── graceful-readlink@1.0.1
20 silly idealTree:prePrune │ ├── har-validator@2.0.6
20 silly idealTree:prePrune │ ├── has-ansi@2.0.0
20 silly idealTree:prePrune │ ├── has-unicode@2.0.0
20 silly idealTree:prePrune │ ├── hawk@3.1.3
20 silly idealTree:prePrune │ ├── hoek@2.16.3
20 silly idealTree:prePrune │ ├── http-signature@1.1.1
20 silly idealTree:prePrune │ ├── inherits@2.0.1
20 silly idealTree:prePrune │ ├── ini@1.3.4
20 silly idealTree:prePrune │ ├── is-my-json-valid@2.13.1
20 silly idealTree:prePrune │ ├── is-property@1.0.2
20 silly idealTree:prePrune │ ├── is-typedarray@1.0.0
20 silly idealTree:prePrune │ ├── isarray@1.0.0
20 silly idealTree:prePrune │ ├── isstream@0.1.2
20 silly idealTree:prePrune │ ├── jodid25519@1.0.2
20 silly idealTree:prePrune │ ├── jsbn@0.1.0
20 silly idealTree:prePrune │ ├── json-schema@0.2.2
20 silly idealTree:prePrune │ ├── json-stringify-safe@5.0.1
20 silly idealTree:prePrune │ ├── jsonpointer@2.0.0
20 silly idealTree:prePrune │ ├── jsprim@1.2.2
20 silly idealTree:prePrune │ ├── lodash.pad@4.1.0
20 silly idealTree:prePrune │ ├── lodash.padend@4.2.0
20 silly idealTree:prePrune │ ├── lodash.padstart@4.2.0
20 silly idealTree:prePrune │ ├── lodash.repeat@4.0.0
20 silly idealTree:prePrune │ ├── lodash.tostring@4.1.2
20 silly idealTree:prePrune │ ├── mime-db@1.22.0
20 silly idealTree:prePrune │ ├── mime-types@2.1.10
20 silly idealTree:prePrune │ ├── minimist@0.0.8
20 silly idealTree:prePrune │ ├── mkdirp@0.5.1
20 silly idealTree:prePrune │ ├── ms@0.7.1
20 silly idealTree:prePrune │ ├─┬ node-pre-gyp@0.6.25
20 silly idealTree:prePrune │ │ └─┬ nopt@3.0.6
20 silly idealTree:prePrune │ │   └── abbrev@1.0.7
20 silly idealTree:prePrune │ ├── node-uuid@1.4.7
20 silly idealTree:prePrune │ ├── npmlog@2.0.3
20 silly idealTree:prePrune │ ├── oauth-sign@0.8.1
20 silly idealTree:prePrune │ ├── once@1.3.3
20 silly idealTree:prePrune │ ├── pinkie-promise@2.0.0
20 silly idealTree:prePrune │ ├── pinkie@2.0.4
20 silly idealTree:prePrune │ ├── process-nextick-args@1.0.6
20 silly idealTree:prePrune │ ├── qs@6.0.2
20 silly idealTree:prePrune │ ├─┬ rc@1.1.6
20 silly idealTree:prePrune │ │ └── minimist@1.2.0
20 silly idealTree:prePrune │ ├── readable-stream@2.0.6
20 silly idealTree:prePrune │ ├── request@2.69.0
20 silly idealTree:prePrune │ ├─┬ rimraf@2.5.2
20 silly idealTree:prePrune │ │ └─┬ glob@7.0.3
20 silly idealTree:prePrune │ │   ├─┬ inflight@1.0.4
20 silly idealTree:prePrune │ │   │ └── wrappy@1.0.1
20 silly idealTree:prePrune │ │   ├── inherits@2.0.1
20 silly idealTree:prePrune │ │   ├─┬ minimatch@3.0.0
20 silly idealTree:prePrune │ │   │ └─┬ brace-expansion@1.1.3
20 silly idealTree:prePrune │ │   │   ├── balanced-match@0.3.0
20 silly idealTree:prePrune │ │   │   └── concat-map@0.0.1
20 silly idealTree:prePrune │ │   ├─┬ once@1.3.3
20 silly idealTree:prePrune │ │   │ └── wrappy@1.0.1
20 silly idealTree:prePrune │ │   └── path-is-absolute@1.0.0
20 silly idealTree:prePrune │ ├── semver@5.1.0
20 silly idealTree:prePrune │ ├── sntp@1.0.9
20 silly idealTree:prePrune │ ├── sshpk@1.7.4
20 silly idealTree:prePrune │ ├── string_decoder@0.10.31
20 silly idealTree:prePrune │ ├── stringstream@0.0.5
20 silly idealTree:prePrune │ ├── strip-ansi@3.0.1
20 silly idealTree:prePrune │ ├── strip-json-comments@1.0.4
20 silly idealTree:prePrune │ ├── supports-color@2.0.0
20 silly idealTree:prePrune │ ├── tar-pack@3.1.3
20 silly idealTree:prePrune │ ├── tar@2.2.1
20 silly idealTree:prePrune │ ├── tough-cookie@2.2.2
20 silly idealTree:prePrune │ ├── tunnel-agent@0.4.2
20 silly idealTree:prePrune │ ├── tweetnacl@0.14.3
20 silly idealTree:prePrune │ ├── uid-number@0.0.6
20 silly idealTree:prePrune │ ├── util-deprecate@1.0.2
20 silly idealTree:prePrune │ ├── verror@1.3.6
20 silly idealTree:prePrune │ ├── wrappy@1.0.1
20 silly idealTree:prePrune │ └── xtend@4.0.1
20 silly idealTree:prePrune ├── generate-function@2.0.0
20 silly idealTree:prePrune ├── generate-object-property@1.2.0
20 silly idealTree:prePrune ├── get-stdin@4.0.1
20 silly idealTree:prePrune ├─┬ getpass@0.1.6
20 silly idealTree:prePrune │ └── assert-plus@1.0.0
20 silly idealTree:prePrune ├── glob-base@0.3.0
20 silly idealTree:prePrune ├── glob-parent@2.0.0
20 silly idealTree:prePrune ├── globals@8.18.0
20 silly idealTree:prePrune ├── graceful-fs@4.1.3
20 silly idealTree:prePrune ├── graceful-readlink@1.0.1
20 silly idealTree:prePrune ├── har-validator@2.0.6
20 silly idealTree:prePrune ├── has-ansi@2.0.0
20 silly idealTree:prePrune ├── has-flag@1.0.0
20 silly idealTree:prePrune ├── has-own@1.0.0
20 silly idealTree:prePrune ├── hawk@3.1.3
20 silly idealTree:prePrune ├── hoek@2.16.3
20 silly idealTree:prePrune ├── home-or-tmp@1.0.0
20 silly idealTree:prePrune ├── hooks-fixed@1.1.0
20 silly idealTree:prePrune ├── html-comment-regex@1.1.0
20 silly idealTree:prePrune ├── http-browserify@1.7.0
20 silly idealTree:prePrune ├── http-errors@1.3.1
20 silly idealTree:prePrune ├── http-proxy@1.13.2
20 silly idealTree:prePrune ├── http-signature@1.1.1
20 silly idealTree:prePrune ├── https-browserify@0.0.0
20 silly idealTree:prePrune ├── icss-replace-symbols@1.0.2
20 silly idealTree:prePrune ├── ieee754@1.1.6
20 silly idealTree:prePrune ├── image-size@0.4.0
20 silly idealTree:prePrune ├── indexes-of@1.0.1
20 silly idealTree:prePrune ├── indexof@0.0.1
20 silly idealTree:prePrune ├── inherits@2.0.1
20 silly idealTree:prePrune ├── interpret@0.6.6
20 silly idealTree:prePrune ├── invariant@2.2.1
20 silly idealTree:prePrune ├── ipaddr.js@1.0.5
20 silly idealTree:prePrune ├── is-absolute-url@2.0.0
20 silly idealTree:prePrune ├── is-binary-path@1.0.1
20 silly idealTree:prePrune ├── is-buffer@1.1.3
20 silly idealTree:prePrune ├── is-dotfile@1.0.2
20 silly idealTree:prePrune ├── is-equal-shallow@0.1.3
20 silly idealTree:prePrune ├── is-extendable@0.1.1
20 silly idealTree:prePrune ├── is-extglob@1.0.0
20 silly idealTree:prePrune ├── is-finite@1.0.1
20 silly idealTree:prePrune ├── is-glob@2.0.1
20 silly idealTree:prePrune ├── is-integer@1.0.6
20 silly idealTree:prePrune ├── is-my-json-valid@2.13.1
20 silly idealTree:prePrune ├── is-number@2.1.0
20 silly idealTree:prePrune ├── is-plain-obj@1.1.0
20 silly idealTree:prePrune ├── is-posix-bracket@0.1.1
20 silly idealTree:prePrune ├── is-primitive@2.0.0
20 silly idealTree:prePrune ├── is-property@1.0.2
20 silly idealTree:prePrune ├── is-svg@2.0.0
20 silly idealTree:prePrune ├── is-typedarray@1.0.0
20 silly idealTree:prePrune ├── isarray@1.0.0
20 silly idealTree:prePrune ├── isobject@2.1.0
20 silly idealTree:prePrune ├── isstream@0.1.2
20 silly idealTree:prePrune ├── jodid25519@1.0.2
20 silly idealTree:prePrune ├── js-base64@2.1.9
20 silly idealTree:prePrune ├── js-tokens@1.0.3
20 silly idealTree:prePrune ├── js-yaml@3.6.0
20 silly idealTree:prePrune ├── jsbn@0.1.0
20 silly idealTree:prePrune ├── jsesc@0.5.0
20 silly idealTree:prePrune ├── json-schema@0.2.2
20 silly idealTree:prePrune ├── json-stringify-safe@5.0.1
20 silly idealTree:prePrune ├── json3@3.3.2
20 silly idealTree:prePrune ├── json5@0.4.0
20 silly idealTree:prePrune ├── jsonpointer@2.0.0
20 silly idealTree:prePrune ├── jsprim@1.2.2
20 silly idealTree:prePrune ├── kareem@1.0.1
20 silly idealTree:prePrune ├── kind-of@3.0.3
20 silly idealTree:prePrune ├── lazy-cache@1.0.4
20 silly idealTree:prePrune ├── less-loader@2.2.3
20 silly idealTree:prePrune ├── less@2.6.1
20 silly idealTree:prePrune ├─┬ loader-utils@0.2.14
20 silly idealTree:prePrune │ └── json5@0.5.0
20 silly idealTree:prePrune ├── lodash._createcompounder@3.0.0
20 silly idealTree:prePrune ├── lodash._root@3.0.1
20 silly idealTree:prePrune ├── lodash.camelcase@3.0.1
20 silly idealTree:prePrune ├── lodash.deburr@3.2.0
20 silly idealTree:prePrune ├── lodash.words@3.2.0
20 silly idealTree:prePrune ├── lodash@3.10.1
20 silly idealTree:prePrune ├── longest@1.0.1
20 silly idealTree:prePrune ├── loose-envify@1.1.0
20 silly idealTree:prePrune ├── media-typer@0.3.0
20 silly idealTree:prePrune ├── memory-fs@0.3.0
20 silly idealTree:prePrune ├── merge-descriptors@1.0.1
20 silly idealTree:prePrune ├── methods@1.1.2
20 silly idealTree:prePrune ├── micromatch@2.3.8
20 silly idealTree:prePrune ├── mime-db@1.23.0
20 silly idealTree:prePrune ├── mime-types@2.1.11
20 silly idealTree:prePrune ├── mime@1.3.4
20 silly idealTree:prePrune ├── minimatch@2.0.10
20 silly idealTree:prePrune ├── minimist@1.2.0
20 silly idealTree:prePrune ├─┬ mkdirp@0.5.1
20 silly idealTree:prePrune │ └── minimist@0.0.8
20 silly idealTree:prePrune ├── mongodb-core@1.3.18
20 silly idealTree:prePrune ├─┬ mongodb@2.1.18
20 silly idealTree:prePrune │ ├── isarray@0.0.1
20 silly idealTree:prePrune │ └── readable-stream@1.0.31
20 silly idealTree:prePrune ├─┬ mongoose@4.4.14
20 silly idealTree:prePrune │ └── async@1.5.2
20 silly idealTree:prePrune ├── morgan@1.7.0
20 silly idealTree:prePrune ├── mpath@0.2.1
20 silly idealTree:prePrune ├── mpromise@0.5.5
20 silly idealTree:prePrune ├─┬ mquery@1.10.0
20 silly idealTree:prePrune │ └── sliced@0.0.5
20 silly idealTree:prePrune ├── ms@0.7.1
20 silly idealTree:prePrune ├── muri@1.1.0
20 silly idealTree:prePrune ├── nan@2.3.3
20 silly idealTree:prePrune ├── negotiator@0.5.3
20 silly idealTree:prePrune ├─┬ node-libs-browser@0.5.3
20 silly idealTree:prePrune │ ├── isarray@0.0.1
20 silly idealTree:prePrune │ └── readable-stream@1.1.14
20 silly idealTree:prePrune ├── node-uuid@1.4.7
20 silly idealTree:prePrune ├── normalize-path@2.0.1
20 silly idealTree:prePrune ├── normalize-range@0.1.2
20 silly idealTree:prePrune ├── normalize-url@1.5.0
20 silly idealTree:prePrune ├── num2fraction@1.2.2
20 silly idealTree:prePrune ├── number-is-nan@1.0.0
20 silly idealTree:prePrune ├── oauth-sign@0.8.2
20 silly idealTree:prePrune ├── object-assign@4.1.0
20 silly idealTree:prePrune ├── object.omit@2.0.0
20 silly idealTree:prePrune ├── on-finished@2.3.0
20 silly idealTree:prePrune ├── on-headers@1.0.1
20 silly idealTree:prePrune ├─┬ optimist@0.6.1
20 silly idealTree:prePrune │ └── minimist@0.0.10
20 silly idealTree:prePrune ├─┬ original@1.0.0
20 silly idealTree:prePrune │ └── url-parse@1.0.5
20 silly idealTree:prePrune ├── os-browserify@0.1.2
20 silly idealTree:prePrune ├── os-tmpdir@1.0.1
20 silly idealTree:prePrune ├── pako@0.2.8
20 silly idealTree:prePrune ├── parse-glob@3.0.4
20 silly idealTree:prePrune ├── parseurl@1.3.1
20 silly idealTree:prePrune ├── path-browserify@0.0.0
20 silly idealTree:prePrune ├── path-exists@1.0.0
20 silly idealTree:prePrune ├── path-is-absolute@1.0.0
20 silly idealTree:prePrune ├── path-to-regexp@0.1.7
20 silly idealTree:prePrune ├── pbkdf2-compat@2.0.1
20 silly idealTree:prePrune ├── pinkie-promise@2.0.1
20 silly idealTree:prePrune ├── pinkie@2.0.4
20 silly idealTree:prePrune ├── postcss-calc@5.2.1
20 silly idealTree:prePrune ├── postcss-colormin@2.2.0
20 silly idealTree:prePrune ├── postcss-convert-values@2.3.4
20 silly idealTree:prePrune ├── postcss-discard-comments@2.0.4
20 silly idealTree:prePrune ├── postcss-discard-duplicates@2.0.1
20 silly idealTree:prePrune ├── postcss-discard-empty@2.1.0
20 silly idealTree:prePrune ├── postcss-discard-unused@2.2.1
20 silly idealTree:prePrune ├── postcss-filter-plugins@2.0.0
20 silly idealTree:prePrune ├── postcss-merge-idents@2.1.5
20 silly idealTree:prePrune ├── postcss-merge-longhand@2.0.1
20 silly idealTree:prePrune ├── postcss-merge-rules@2.0.8
20 silly idealTree:prePrune ├── postcss-message-helpers@2.0.0
20 silly idealTree:prePrune ├── postcss-minify-font-values@1.0.4
20 silly idealTree:prePrune ├── postcss-minify-gradients@1.0.1
20 silly idealTree:prePrune ├── postcss-minify-params@1.0.4
20 silly idealTree:prePrune ├── postcss-minify-selectors@2.0.5
20 silly idealTree:prePrune ├── postcss-modules-extract-imports@1.0.0
20 silly idealTree:prePrune ├── postcss-modules-local-by-default@1.0.1
20 silly idealTree:prePrune ├── postcss-modules-scope@1.0.0
20 silly idealTree:prePrune ├── postcss-modules-values@1.1.2
20 silly idealTree:prePrune ├── postcss-normalize-charset@1.1.0
20 silly idealTree:prePrune ├── postcss-normalize-url@3.0.7
20 silly idealTree:prePrune ├── postcss-ordered-values@2.1.0
20 silly idealTree:prePrune ├── postcss-reduce-idents@2.3.0
20 silly idealTree:prePrune ├── postcss-reduce-transforms@1.0.3
20 silly idealTree:prePrune ├── postcss-selector-parser@2.0.0
20 silly idealTree:prePrune ├── postcss-svgo@2.1.3
20 silly idealTree:prePrune ├── postcss-unique-selectors@2.0.2
20 silly idealTree:prePrune ├── postcss-value-parser@3.3.0
20 silly idealTree:prePrune ├── postcss-zindex@2.1.1
20 silly idealTree:prePrune ├─┬ postcss@5.0.21
20 silly idealTree:prePrune │ └── supports-color@3.1.2
20 silly idealTree:prePrune ├── prepend-http@1.0.3
20 silly idealTree:prePrune ├── preserve@0.2.0
20 silly idealTree:prePrune ├── private@0.1.6
20 silly idealTree:prePrune ├── process-nextick-args@1.0.7
20 silly idealTree:prePrune ├── process@0.11.2
20 silly idealTree:prePrune ├── progress@1.1.8
20 silly idealTree:prePrune ├── promise@7.1.1
20 silly idealTree:prePrune ├── proxy-addr@1.0.10
20 silly idealTree:prePrune ├── prr@0.0.0
20 silly idealTree:prePrune ├── punycode@1.4.1
20 silly idealTree:prePrune ├── q@1.4.1
20 silly idealTree:prePrune ├── qs@6.1.0
20 silly idealTree:prePrune ├── query-string@4.1.0
20 silly idealTree:prePrune ├── querystring-es3@0.2.1
20 silly idealTree:prePrune ├── querystring@0.2.0
20 silly idealTree:prePrune ├── querystringify@0.0.3
20 silly idealTree:prePrune ├── randomatic@1.1.5
20 silly idealTree:prePrune ├── range-parser@1.0.3
20 silly idealTree:prePrune ├── raw-loader@0.5.1
20 silly idealTree:prePrune ├── readable-stream@2.1.2
20 silly idealTree:prePrune ├── readdirp@2.0.0
20 silly idealTree:prePrune ├─┬ reduce-css-calc@1.2.3
20 silly idealTree:prePrune │ └── balanced-match@0.1.0
20 silly idealTree:prePrune ├─┬ reduce-function-call@1.0.1
20 silly idealTree:prePrune │ └── balanced-match@0.1.0
20 silly idealTree:prePrune ├── regenerate@1.2.1
20 silly idealTree:prePrune ├── regex-cache@0.4.3
20 silly idealTree:prePrune ├── regexp-clone@0.0.1
20 silly idealTree:prePrune ├── regexpu-core@1.0.0
20 silly idealTree:prePrune ├── regjsgen@0.2.0
20 silly idealTree:prePrune ├── regjsparser@0.1.5
20 silly idealTree:prePrune ├── repeat-element@1.1.2
20 silly idealTree:prePrune ├── repeat-string@1.5.4
20 silly idealTree:prePrune ├── repeating@1.1.3
20 silly idealTree:prePrune ├── require_optional@1.0.0
20 silly idealTree:prePrune ├── requires-port@1.0.0
20 silly idealTree:prePrune ├── resolve-from@2.0.0
20 silly idealTree:prePrune ├── right-align@0.1.3
20 silly idealTree:prePrune ├── ripemd160@0.2.0
20 silly idealTree:prePrune ├── sax@1.2.1
20 silly idealTree:prePrune ├── semver@5.1.0
20 silly idealTree:prePrune ├── send@0.13.1
20 silly idealTree:prePrune ├── serve-index@1.7.3
20 silly idealTree:prePrune ├── serve-static@1.10.2
20 silly idealTree:prePrune ├── sha.js@2.2.6
20 silly idealTree:prePrune ├── shebang-regex@1.0.0
20 silly idealTree:prePrune ├── skeleton-less@2.0.1
20 silly idealTree:prePrune ├── slash@1.0.0
20 silly idealTree:prePrune ├── sliced@1.0.1
20 silly idealTree:prePrune ├── sntp@1.0.9
20 silly idealTree:prePrune ├─┬ sockjs-client@1.1.0
20 silly idealTree:prePrune │ └── faye-websocket@0.11.0
20 silly idealTree:prePrune ├── sockjs@0.3.17
20 silly idealTree:prePrune ├── sort-keys@1.1.1
20 silly idealTree:prePrune ├── source-list-map@0.1.6
20 silly idealTree:prePrune ├─┬ source-map-support@0.2.10
20 silly idealTree:prePrune │ └── source-map@0.1.32
20 silly idealTree:prePrune ├── source-map@0.5.6
20 silly idealTree:prePrune ├── sprintf-js@1.0.3
20 silly idealTree:prePrune ├── sshpk@1.8.3
20 silly idealTree:prePrune ├── statuses@1.2.1
20 silly idealTree:prePrune ├─┬ stream-browserify@1.0.0
20 silly idealTree:prePrune │ ├── isarray@0.0.1
20 silly idealTree:prePrune │ └── readable-stream@1.1.14
20 silly idealTree:prePrune ├── stream-cache@0.0.2
20 silly idealTree:prePrune ├── stream-consume@0.1.0
20 silly idealTree:prePrune ├── strict-uri-encode@1.1.0
20 silly idealTree:prePrune ├── string_decoder@0.10.31
20 silly idealTree:prePrune ├── strip-ansi@3.0.1
20 silly idealTree:prePrune ├── style-loader@0.13.1
20 silly idealTree:prePrune ├── supports-color@2.0.0
20 silly idealTree:prePrune ├── svgo@0.6.6
20 silly idealTree:prePrune ├── tapable@0.1.10
20 silly idealTree:prePrune ├── timers-browserify@1.4.2
20 silly idealTree:prePrune ├── to-fast-properties@1.0.2
20 silly idealTree:prePrune ├── trim-right@1.0.1
20 silly idealTree:prePrune ├── tty-browserify@0.0.0
20 silly idealTree:prePrune ├── type-is@1.6.12
20 silly idealTree:prePrune ├── uglify-js@2.6.2
20 silly idealTree:prePrune ├── uglify-to-browserify@1.0.2
20 silly idealTree:prePrune ├── uniq@1.0.1
20 silly idealTree:prePrune ├── uniqid@1.0.0
20 silly idealTree:prePrune ├── uniqs@2.0.0
20 silly idealTree:prePrune ├── unpipe@1.0.0
20 silly idealTree:prePrune ├─┬ url-loader@0.5.7
20 silly idealTree:prePrune │ └── mime@1.2.11
20 silly idealTree:prePrune ├── url-parse@1.1.1
20 silly idealTree:prePrune ├─┬ url@0.10.3
20 silly idealTree:prePrune │ └── punycode@1.3.2
20 silly idealTree:prePrune ├── user-home@1.1.1
20 silly idealTree:prePrune ├── util-deprecate@1.0.2
20 silly idealTree:prePrune ├── util@0.10.3
20 silly idealTree:prePrune ├── utils-merge@1.0.0
20 silly idealTree:prePrune ├── uuid@2.0.2
20 silly idealTree:prePrune ├── vary@1.0.1
20 silly idealTree:prePrune ├── vm-browserify@0.0.4
20 silly idealTree:prePrune ├─┬ watchpack@0.2.9
20 silly idealTree:prePrune │ └── async@0.9.2
20 silly idealTree:prePrune ├─┬ webpack-core@0.6.8
20 silly idealTree:prePrune │ └── source-map@0.4.4
20 silly idealTree:prePrune ├── webpack-dev-middleware@1.6.1
20 silly idealTree:prePrune ├─┬ webpack-dev-server@1.14.1
20 silly idealTree:prePrune │ └── supports-color@3.1.2
20 silly idealTree:prePrune ├── webpack-sources@0.1.2
20 silly idealTree:prePrune ├─┬ webpack@1.13.0
20 silly idealTree:prePrune │ ├── async@1.5.2
20 silly idealTree:prePrune │ └── supports-color@3.1.2
20 silly idealTree:prePrune ├── websocket-driver@0.6.4
20 silly idealTree:prePrune ├── websocket-extensions@0.1.1
20 silly idealTree:prePrune ├── whet.extend@0.9.9
20 silly idealTree:prePrune ├── window-size@0.1.0
20 silly idealTree:prePrune ├── wordwrap@0.0.2
20 silly idealTree:prePrune └── yargs@3.10.0
21 silly loadIdealTree Finishing
22 silly currentTree Swapi@1.0.0
22 silly currentTree ├── accepts@1.2.13
22 silly currentTree ├── acorn@3.1.0
22 silly currentTree ├── align-text@0.1.4
22 silly currentTree ├── alphanum-sort@1.0.2
22 silly currentTree ├── amdefine@1.0.0
22 silly currentTree ├── angular@1.5.5
22 silly currentTree ├── ansi-regex@2.0.0
22 silly currentTree ├── ansi-styles@2.2.1
22 silly currentTree ├── anymatch@1.3.0
22 silly currentTree ├── argparse@1.0.7
22 silly currentTree ├── arr-diff@2.0.0
22 silly currentTree ├── arr-flatten@1.0.1
22 silly currentTree ├── array-flatten@1.1.1
22 silly currentTree ├── array-unique@0.2.1
22 silly currentTree ├── arrify@1.0.1
22 silly currentTree ├── asap@2.0.4
22 silly currentTree ├── asn1@0.2.3
22 silly currentTree ├── assert-plus@0.2.0
22 silly currentTree ├── assert@1.3.0
22 silly currentTree ├── async-each@1.0.0
22 silly currentTree ├── async@0.2.10
22 silly currentTree ├── autoprefixer@6.3.6
22 silly currentTree ├── aws-sign2@0.6.0
22 silly currentTree ├── aws4@1.4.1
22 silly currentTree ├── axios@0.12.0
22 silly currentTree ├── babel-code-frame@6.8.0
22 silly currentTree ├── babel-core@6.8.0
22 silly currentTree ├── babel-generator@6.8.0
22 silly currentTree ├── babel-helper-call-delegate@6.8.0
22 silly currentTree ├── babel-helper-define-map@6.8.0
22 silly currentTree ├── babel-helper-function-name@6.8.0
22 silly currentTree ├── babel-helper-get-function-arity@6.8.0
22 silly currentTree ├── babel-helper-hoist-variables@6.8.0
22 silly currentTree ├── babel-helper-optimise-call-expression@6.8.0
22 silly currentTree ├── babel-helper-regex@6.8.0
22 silly currentTree ├── babel-helper-replace-supers@6.8.0
22 silly currentTree ├── babel-helpers@6.8.0
22 silly currentTree ├── babel-loader@6.2.4
22 silly currentTree ├── babel-messages@6.8.0
22 silly currentTree ├── babel-plugin-check-es2015-constants@6.8.0
22 silly currentTree ├── babel-plugin-syntax-async-functions@6.8.0
22 silly currentTree ├── babel-plugin-transform-es2015-arrow-functions@6.8.0
22 silly currentTree ├── babel-plugin-transform-es2015-block-scoped-functions@6.8.0
22 silly currentTree ├── babel-plugin-transform-es2015-block-scoping@6.8.0
22 silly currentTree ├── babel-plugin-transform-es2015-classes@6.8.0
22 silly currentTree ├── babel-plugin-transform-es2015-computed-properties@6.8.0
22 silly currentTree ├── babel-plugin-transform-es2015-destructuring@6.8.0
22 silly currentTree ├── babel-plugin-transform-es2015-duplicate-keys@6.8.0
22 silly currentTree ├── babel-plugin-transform-es2015-for-of@6.8.0
22 silly currentTree ├── babel-plugin-transform-es2015-function-name@6.8.0
22 silly currentTree ├── babel-plugin-transform-es2015-literals@6.8.0
22 silly currentTree ├── babel-plugin-transform-es2015-modules-commonjs@6.8.0
22 silly currentTree ├── babel-plugin-transform-es2015-object-super@6.8.0
22 silly currentTree ├── babel-plugin-transform-es2015-parameters@6.8.0
22 silly currentTree ├── babel-plugin-transform-es2015-shorthand-properties@6.8.0
22 silly currentTree ├── babel-plugin-transform-es2015-spread@6.8.0
22 silly currentTree ├── babel-plugin-transform-es2015-sticky-regex@6.8.0
22 silly currentTree ├── babel-plugin-transform-es2015-template-literals@6.8.0
22 silly currentTree ├── babel-plugin-transform-es2015-typeof-symbol@6.8.0
22 silly currentTree ├── babel-plugin-transform-es2015-unicode-regex@6.8.0
22 silly currentTree ├── babel-plugin-transform-regenerator@6.8.0
22 silly currentTree ├── babel-plugin-transform-strict-mode@6.8.0
22 silly currentTree ├── babel-preset-es2015@6.6.0
22 silly currentTree ├── babel-register@6.8.0
22 silly currentTree ├── babel-runtime@6.6.1
22 silly currentTree ├── babel-template@6.8.0
22 silly currentTree ├── babel-traverse@6.8.0
22 silly currentTree ├── babel-types@6.8.1
22 silly currentTree ├── babylon@6.8.0
22 silly currentTree ├── balanced-match@0.4.1
22 silly currentTree ├── base64-js@0.0.8
22 silly currentTree ├── Base64@0.2.1
22 silly currentTree ├── basic-auth@1.0.3
22 silly currentTree ├── batch@0.5.3
22 silly currentTree ├── big.js@3.1.3
22 silly currentTree ├── binary-extensions@1.4.0
22 silly currentTree ├─┬ bl@1.1.2
22 silly currentTree │ └── readable-stream@2.0.6
22 silly currentTree ├── bluebird@2.10.2
22 silly currentTree ├── boom@2.10.1
22 silly currentTree ├── brace-expansion@1.1.4
22 silly currentTree ├── braces@1.8.4
22 silly currentTree ├── browserify-zlib@0.1.4
22 silly currentTree ├── browserslist@1.3.1
22 silly currentTree ├── bson@0.4.23
22 silly currentTree ├── buffer@3.6.0
22 silly currentTree ├── bytes@2.2.0
22 silly currentTree ├── camelcase@1.2.1
22 silly currentTree ├── caniuse-db@1.0.30000463
22 silly currentTree ├── caseless@0.11.0
22 silly currentTree ├── center-align@0.1.3
22 silly currentTree ├── chalk@1.1.3
22 silly currentTree ├── chokidar@1.4.3
22 silly currentTree ├─┬ clap@1.1.0
22 silly currentTree │ └── chalk@1.1.1
22 silly currentTree ├── cliui@2.1.0
22 silly currentTree ├── clone@1.0.2
22 silly currentTree ├── coa@1.0.1
22 silly currentTree ├── color-convert@0.5.3
22 silly currentTree ├── color-name@1.1.1
22 silly currentTree ├── color-string@0.3.0
22 silly currentTree ├── color@0.11.1
22 silly currentTree ├── colormin@1.1.0
22 silly currentTree ├── colors@1.1.2
22 silly currentTree ├── combined-stream@1.0.5
22 silly currentTree ├── commander@2.9.0
22 silly currentTree ├── compressible@2.0.7
22 silly currentTree ├─┬ compression@1.6.1
22 silly currentTree │ ├── accepts@1.3.3
22 silly currentTree │ ├── negotiator@0.6.1
22 silly currentTree │ └── vary@1.1.0
22 silly currentTree ├── concat-map@0.0.1
22 silly currentTree ├── connect-history-api-fallback@1.1.0
22 silly currentTree ├── console-browserify@1.1.0
22 silly currentTree ├── constants-browserify@0.0.1
22 silly currentTree ├── content-disposition@0.5.1
22 silly currentTree ├── content-type@1.0.1
22 silly currentTree ├── convert-source-map@1.2.0
22 silly currentTree ├── cookie-signature@1.0.6
22 silly currentTree ├── cookie@0.1.5
22 silly currentTree ├── core-js@2.3.0
22 silly currentTree ├── core-util-is@1.0.2
22 silly currentTree ├── cryptiles@2.0.5
22 silly currentTree ├── crypto-browserify@3.2.8
22 silly currentTree ├── css-color-names@0.0.3
22 silly currentTree ├── css-loader@0.23.1
22 silly currentTree ├── css-selector-tokenizer@0.5.4
22 silly currentTree ├── cssesc@0.1.0
22 silly currentTree ├── cssnano@3.5.2
22 silly currentTree ├── csso@2.0.0
22 silly currentTree ├─┬ dashdash@1.14.0
22 silly currentTree │ └── assert-plus@1.0.0
22 silly currentTree ├── date-now@0.1.4
22 silly currentTree ├── debug@2.2.0
22 silly currentTree ├── decamelize@1.2.0
22 silly currentTree ├── defined@1.0.0
22 silly currentTree ├── delayed-stream@1.0.0
22 silly currentTree ├── depd@1.1.0
22 silly currentTree ├── destroy@1.0.4
22 silly currentTree ├── detect-indent@3.0.1
22 silly currentTree ├── domain-browser@1.1.7
22 silly currentTree ├── dotenv@2.0.0
22 silly currentTree ├── ecc-jsbn@0.1.1
22 silly currentTree ├── ee-first@1.1.1
22 silly currentTree ├── ejs@2.4.1
22 silly currentTree ├── emojis-list@1.0.2
22 silly currentTree ├─┬ enhanced-resolve@0.9.1
22 silly currentTree │ └── memory-fs@0.2.0
22 silly currentTree ├── errno@0.1.4
22 silly currentTree ├── es6-promise@3.0.2
22 silly currentTree ├── escape-html@1.0.3
22 silly currentTree ├── escape-string-regexp@1.0.5
22 silly currentTree ├── esprima@2.7.2
22 silly currentTree ├── esutils@2.0.2
22 silly currentTree ├── etag@1.7.0
22 silly currentTree ├── eventemitter3@1.2.0
22 silly currentTree ├── events@1.1.0
22 silly currentTree ├── eventsource@0.1.6
22 silly currentTree ├── expand-brackets@0.1.5
22 silly currentTree ├── expand-range@1.8.1
22 silly currentTree ├─┬ express@4.13.4
22 silly currentTree │ └── qs@4.0.0
22 silly currentTree ├── extend@3.0.0
22 silly currentTree ├── extglob@0.3.2
22 silly currentTree ├─┬ extract-text-webpack-plugin@1.0.1
22 silly currentTree │ └── async@1.5.2
22 silly currentTree ├── extsprintf@1.0.2
22 silly currentTree ├── fastparse@1.1.1
22 silly currentTree ├── faye-websocket@0.10.0
22 silly currentTree ├── file-loader@0.8.5
22 silly currentTree ├── filename-regex@2.0.0
22 silly currentTree ├── fill-range@2.2.3
22 silly currentTree ├── finalhandler@0.4.1
22 silly currentTree ├── flatten@1.0.2
22 silly currentTree ├── follow-redirects@0.0.7
22 silly currentTree ├── for-in@0.1.5
22 silly currentTree ├── for-own@0.1.4
22 silly currentTree ├── forever-agent@0.6.1
22 silly currentTree ├─┬ form-data@1.0.0-rc4
22 silly currentTree │ └── async@1.5.2
22 silly currentTree ├── forwarded@0.1.0
22 silly currentTree ├── fresh@0.3.0
22 silly currentTree ├─┬ fsevents@1.0.12
22 silly currentTree │ ├── ansi-regex@2.0.0
22 silly currentTree │ ├── ansi-styles@2.2.1
22 silly currentTree │ ├── ansi@0.3.1
22 silly currentTree │ ├── are-we-there-yet@1.1.2
22 silly currentTree │ ├── asn1@0.2.3
22 silly currentTree │ ├── assert-plus@0.2.0
22 silly currentTree │ ├── async@1.5.2
22 silly currentTree │ ├── aws-sign2@0.6.0
22 silly currentTree │ ├─┬ aws4@1.3.2
22 silly currentTree │ │ └─┬ lru-cache@4.0.1
22 silly currentTree │ │   ├── pseudomap@1.0.2
22 silly currentTree │ │   └── yallist@2.0.0
22 silly currentTree │ ├── bl@1.0.3
22 silly currentTree │ ├── block-stream@0.0.8
22 silly currentTree │ ├── boom@2.10.1
22 silly currentTree │ ├── caseless@0.11.0
22 silly currentTree │ ├── chalk@1.1.3
22 silly currentTree │ ├── combined-stream@1.0.5
22 silly currentTree │ ├── commander@2.9.0
22 silly currentTree │ ├── core-util-is@1.0.2
22 silly currentTree │ ├── cryptiles@2.0.5
22 silly currentTree │ ├─┬ dashdash@1.13.0
22 silly currentTree │ │ └── assert-plus@1.0.0
22 silly currentTree │ ├── debug@2.2.0
22 silly currentTree │ ├── deep-extend@0.4.1
22 silly currentTree │ ├── delayed-stream@1.0.0
22 silly currentTree │ ├── delegates@1.0.0
22 silly currentTree │ ├── ecc-jsbn@0.1.1
22 silly currentTree │ ├── escape-string-regexp@1.0.5
22 silly currentTree │ ├── extend@3.0.0
22 silly currentTree │ ├── extsprintf@1.0.2
22 silly currentTree │ ├── forever-agent@0.6.1
22 silly currentTree │ ├── form-data@1.0.0-rc4
22 silly currentTree │ ├─┬ fstream-ignore@1.0.3
22 silly currentTree │ │ └─┬ minimatch@3.0.0
22 silly currentTree │ │   └─┬ brace-expansion@1.1.3
22 silly currentTree │ │     ├── balanced-match@0.3.0
22 silly currentTree │ │     └── concat-map@0.0.1
22 silly currentTree │ ├── fstream@1.0.8
22 silly currentTree │ ├── gauge@1.2.7
22 silly currentTree │ ├── generate-function@2.0.0
22 silly currentTree │ ├── generate-object-property@1.2.0
22 silly currentTree │ ├── graceful-fs@4.1.3
22 silly currentTree │ ├── graceful-readlink@1.0.1
22 silly currentTree │ ├── har-validator@2.0.6
22 silly currentTree │ ├── has-ansi@2.0.0
22 silly currentTree │ ├── has-unicode@2.0.0
22 silly currentTree │ ├── hawk@3.1.3
22 silly currentTree │ ├── hoek@2.16.3
22 silly currentTree │ ├── http-signature@1.1.1
22 silly currentTree │ ├── inherits@2.0.1
22 silly currentTree │ ├── ini@1.3.4
22 silly currentTree │ ├── is-my-json-valid@2.13.1
22 silly currentTree │ ├── is-property@1.0.2
22 silly currentTree │ ├── is-typedarray@1.0.0
22 silly currentTree │ ├── isarray@1.0.0
22 silly currentTree │ ├── isstream@0.1.2
22 silly currentTree │ ├── jodid25519@1.0.2
22 silly currentTree │ ├── jsbn@0.1.0
22 silly currentTree │ ├── json-schema@0.2.2
22 silly currentTree │ ├── json-stringify-safe@5.0.1
22 silly currentTree │ ├── jsonpointer@2.0.0
22 silly currentTree │ ├── jsprim@1.2.2
22 silly currentTree │ ├── lodash.pad@4.1.0
22 silly currentTree │ ├── lodash.padend@4.2.0
22 silly currentTree │ ├── lodash.padstart@4.2.0
22 silly currentTree │ ├── lodash.repeat@4.0.0
22 silly currentTree │ ├── lodash.tostring@4.1.2
22 silly currentTree │ ├── mime-db@1.22.0
22 silly currentTree │ ├── mime-types@2.1.10
22 silly currentTree │ ├── minimist@0.0.8
22 silly currentTree │ ├── mkdirp@0.5.1
22 silly currentTree │ ├── ms@0.7.1
22 silly currentTree │ ├─┬ node-pre-gyp@0.6.25
22 silly currentTree │ │ └─┬ nopt@3.0.6
22 silly currentTree │ │   └── abbrev@1.0.7
22 silly currentTree │ ├── node-uuid@1.4.7
22 silly currentTree │ ├── npmlog@2.0.3
22 silly currentTree │ ├── oauth-sign@0.8.1
22 silly currentTree │ ├── once@1.3.3
22 silly currentTree │ ├── pinkie-promise@2.0.0
22 silly currentTree │ ├── pinkie@2.0.4
22 silly currentTree │ ├── process-nextick-args@1.0.6
22 silly currentTree │ ├── qs@6.0.2
22 silly currentTree │ ├─┬ rc@1.1.6
22 silly currentTree │ │ └── minimist@1.2.0
22 silly currentTree │ ├── readable-stream@2.0.6
22 silly currentTree │ ├── request@2.69.0
22 silly currentTree │ ├─┬ rimraf@2.5.2
22 silly currentTree │ │ └─┬ glob@7.0.3
22 silly currentTree │ │   ├─┬ inflight@1.0.4
22 silly currentTree │ │   │ └── wrappy@1.0.1
22 silly currentTree │ │   ├── inherits@2.0.1
22 silly currentTree │ │   ├─┬ minimatch@3.0.0
22 silly currentTree │ │   │ └─┬ brace-expansion@1.1.3
22 silly currentTree │ │   │   ├── balanced-match@0.3.0
22 silly currentTree │ │   │   └── concat-map@0.0.1
22 silly currentTree │ │   ├─┬ once@1.3.3
22 silly currentTree │ │   │ └── wrappy@1.0.1
22 silly currentTree │ │   └── path-is-absolute@1.0.0
22 silly currentTree │ ├── semver@5.1.0
22 silly currentTree │ ├── sntp@1.0.9
22 silly currentTree │ ├── sshpk@1.7.4
22 silly currentTree │ ├── string_decoder@0.10.31
22 silly currentTree │ ├── stringstream@0.0.5
22 silly currentTree │ ├── strip-ansi@3.0.1
22 silly currentTree │ ├── strip-json-comments@1.0.4
22 silly currentTree │ ├── supports-color@2.0.0
22 silly currentTree │ ├── tar-pack@3.1.3
22 silly currentTree │ ├── tar@2.2.1
22 silly currentTree │ ├── tough-cookie@2.2.2
22 silly currentTree │ ├── tunnel-agent@0.4.2
22 silly currentTree │ ├── tweetnacl@0.14.3
22 silly currentTree │ ├── uid-number@0.0.6
22 silly currentTree │ ├── util-deprecate@1.0.2
22 silly currentTree │ ├── verror@1.3.6
22 silly currentTree │ ├── wrappy@1.0.1
22 silly currentTree │ └── xtend@4.0.1
22 silly currentTree ├── generate-function@2.0.0
22 silly currentTree ├── generate-object-property@1.2.0
22 silly currentTree ├── get-stdin@4.0.1
22 silly currentTree ├─┬ getpass@0.1.6
22 silly currentTree │ └── assert-plus@1.0.0
22 silly currentTree ├── glob-base@0.3.0
22 silly currentTree ├── glob-parent@2.0.0
22 silly currentTree ├── globals@8.18.0
22 silly currentTree ├── graceful-fs@4.1.3
22 silly currentTree ├── graceful-readlink@1.0.1
22 silly currentTree ├── har-validator@2.0.6
22 silly currentTree ├── has-ansi@2.0.0
22 silly currentTree ├── has-flag@1.0.0
22 silly currentTree ├── has-own@1.0.0
22 silly currentTree ├── hawk@3.1.3
22 silly currentTree ├── hoek@2.16.3
22 silly currentTree ├── home-or-tmp@1.0.0
22 silly currentTree ├── hooks-fixed@1.1.0
22 silly currentTree ├── html-comment-regex@1.1.0
22 silly currentTree ├── http-browserify@1.7.0
22 silly currentTree ├── http-errors@1.3.1
22 silly currentTree ├── http-proxy@1.13.2
22 silly currentTree ├── http-signature@1.1.1
22 silly currentTree ├── https-browserify@0.0.0
22 silly currentTree ├── icss-replace-symbols@1.0.2
22 silly currentTree ├── ieee754@1.1.6
22 silly currentTree ├── image-size@0.4.0
22 silly currentTree ├── indexes-of@1.0.1
22 silly currentTree ├── indexof@0.0.1
22 silly currentTree ├── inherits@2.0.1
22 silly currentTree ├── interpret@0.6.6
22 silly currentTree ├── invariant@2.2.1
22 silly currentTree ├── ipaddr.js@1.0.5
22 silly currentTree ├── is-absolute-url@2.0.0
22 silly currentTree ├── is-binary-path@1.0.1
22 silly currentTree ├── is-buffer@1.1.3
22 silly currentTree ├── is-dotfile@1.0.2
22 silly currentTree ├── is-equal-shallow@0.1.3
22 silly currentTree ├── is-extendable@0.1.1
22 silly currentTree ├── is-extglob@1.0.0
22 silly currentTree ├── is-finite@1.0.1
22 silly currentTree ├── is-glob@2.0.1
22 silly currentTree ├── is-integer@1.0.6
22 silly currentTree ├── is-my-json-valid@2.13.1
22 silly currentTree ├── is-number@2.1.0
22 silly currentTree ├── is-plain-obj@1.1.0
22 silly currentTree ├── is-posix-bracket@0.1.1
22 silly currentTree ├── is-primitive@2.0.0
22 silly currentTree ├── is-property@1.0.2
22 silly currentTree ├── is-svg@2.0.0
22 silly currentTree ├── is-typedarray@1.0.0
22 silly currentTree ├── isarray@1.0.0
22 silly currentTree ├── isobject@2.1.0
22 silly currentTree ├── isstream@0.1.2
22 silly currentTree ├── jodid25519@1.0.2
22 silly currentTree ├── js-base64@2.1.9
22 silly currentTree ├── js-tokens@1.0.3
22 silly currentTree ├── js-yaml@3.6.0
22 silly currentTree ├── jsbn@0.1.0
22 silly currentTree ├── jsesc@0.5.0
22 silly currentTree ├── json-schema@0.2.2
22 silly currentTree ├── json-stringify-safe@5.0.1
22 silly currentTree ├── json3@3.3.2
22 silly currentTree ├── json5@0.4.0
22 silly currentTree ├── jsonpointer@2.0.0
22 silly currentTree ├── jsprim@1.2.2
22 silly currentTree ├── kareem@1.0.1
22 silly currentTree ├── kind-of@3.0.3
22 silly currentTree ├── lazy-cache@1.0.4
22 silly currentTree ├── less-loader@2.2.3
22 silly currentTree ├── less@2.6.1
22 silly currentTree ├─┬ loader-utils@0.2.14
22 silly currentTree │ └── json5@0.5.0
22 silly currentTree ├── lodash._createcompounder@3.0.0
22 silly currentTree ├── lodash._root@3.0.1
22 silly currentTree ├── lodash.camelcase@3.0.1
22 silly currentTree ├── lodash.deburr@3.2.0
22 silly currentTree ├── lodash.words@3.2.0
22 silly currentTree ├── lodash@3.10.1
22 silly currentTree ├── longest@1.0.1
22 silly currentTree ├── loose-envify@1.1.0
22 silly currentTree ├── media-typer@0.3.0
22 silly currentTree ├── memory-fs@0.3.0
22 silly currentTree ├── merge-descriptors@1.0.1
22 silly currentTree ├── methods@1.1.2
22 silly currentTree ├── micromatch@2.3.8
22 silly currentTree ├── mime-db@1.23.0
22 silly currentTree ├── mime-types@2.1.11
22 silly currentTree ├── mime@1.3.4
22 silly currentTree ├── minimatch@2.0.10
22 silly currentTree ├── minimist@1.2.0
22 silly currentTree ├─┬ mkdirp@0.5.1
22 silly currentTree │ └── minimist@0.0.8
22 silly currentTree ├── mongodb-core@1.3.18
22 silly currentTree ├─┬ mongodb@2.1.18
22 silly currentTree │ ├── isarray@0.0.1
22 silly currentTree │ └── readable-stream@1.0.31
22 silly currentTree ├─┬ mongoose@4.4.14
22 silly currentTree │ └── async@1.5.2
22 silly currentTree ├── morgan@1.7.0
22 silly currentTree ├── mpath@0.2.1
22 silly currentTree ├── mpromise@0.5.5
22 silly currentTree ├─┬ mquery@1.10.0
22 silly currentTree │ └── sliced@0.0.5
22 silly currentTree ├── ms@0.7.1
22 silly currentTree ├── muri@1.1.0
22 silly currentTree ├── nan@2.3.3
22 silly currentTree ├── negotiator@0.5.3
22 silly currentTree ├─┬ node-libs-browser@0.5.3
22 silly currentTree │ ├── isarray@0.0.1
22 silly currentTree │ └── readable-stream@1.1.14
22 silly currentTree ├── node-uuid@1.4.7
22 silly currentTree ├── normalize-path@2.0.1
22 silly currentTree ├── normalize-range@0.1.2
22 silly currentTree ├── normalize-url@1.5.0
22 silly currentTree ├── num2fraction@1.2.2
22 silly currentTree ├── number-is-nan@1.0.0
22 silly currentTree ├── oauth-sign@0.8.2
22 silly currentTree ├── object-assign@4.1.0
22 silly currentTree ├── object.omit@2.0.0
22 silly currentTree ├── on-finished@2.3.0
22 silly currentTree ├── on-headers@1.0.1
22 silly currentTree ├─┬ optimist@0.6.1
22 silly currentTree │ └── minimist@0.0.10
22 silly currentTree ├─┬ original@1.0.0
22 silly currentTree │ └── url-parse@1.0.5
22 silly currentTree ├── os-browserify@0.1.2
22 silly currentTree ├── os-tmpdir@1.0.1
22 silly currentTree ├── pako@0.2.8
22 silly currentTree ├── parse-glob@3.0.4
22 silly currentTree ├── parseurl@1.3.1
22 silly currentTree ├── path-browserify@0.0.0
22 silly currentTree ├── path-exists@1.0.0
22 silly currentTree ├── path-is-absolute@1.0.0
22 silly currentTree ├── path-to-regexp@0.1.7
22 silly currentTree ├── pbkdf2-compat@2.0.1
22 silly currentTree ├── pinkie-promise@2.0.1
22 silly currentTree ├── pinkie@2.0.4
22 silly currentTree ├── postcss-calc@5.2.1
22 silly currentTree ├── postcss-colormin@2.2.0
22 silly currentTree ├── postcss-convert-values@2.3.4
22 silly currentTree ├── postcss-discard-comments@2.0.4
22 silly currentTree ├── postcss-discard-duplicates@2.0.1
22 silly currentTree ├── postcss-discard-empty@2.1.0
22 silly currentTree ├── postcss-discard-unused@2.2.1
22 silly currentTree ├── postcss-filter-plugins@2.0.0
22 silly currentTree ├── postcss-merge-idents@2.1.5
22 silly currentTree ├── postcss-merge-longhand@2.0.1
22 silly currentTree ├── postcss-merge-rules@2.0.8
22 silly currentTree ├── postcss-message-helpers@2.0.0
22 silly currentTree ├── postcss-minify-font-values@1.0.4
22 silly currentTree ├── postcss-minify-gradients@1.0.1
22 silly currentTree ├── postcss-minify-params@1.0.4
22 silly currentTree ├── postcss-minify-selectors@2.0.5
22 silly currentTree ├── postcss-modules-extract-imports@1.0.0
22 silly currentTree ├── postcss-modules-local-by-default@1.0.1
22 silly currentTree ├── postcss-modules-scope@1.0.0
22 silly currentTree ├── postcss-modules-values@1.1.2
22 silly currentTree ├── postcss-normalize-charset@1.1.0
22 silly currentTree ├── postcss-normalize-url@3.0.7
22 silly currentTree ├── postcss-ordered-values@2.1.0
22 silly currentTree ├── postcss-reduce-idents@2.3.0
22 silly currentTree ├── postcss-reduce-transforms@1.0.3
22 silly currentTree ├── postcss-selector-parser@2.0.0
22 silly currentTree ├── postcss-svgo@2.1.3
22 silly currentTree ├── postcss-unique-selectors@2.0.2
22 silly currentTree ├── postcss-value-parser@3.3.0
22 silly currentTree ├── postcss-zindex@2.1.1
22 silly currentTree ├─┬ postcss@5.0.21
22 silly currentTree │ └── supports-color@3.1.2
22 silly currentTree ├── prepend-http@1.0.3
22 silly currentTree ├── preserve@0.2.0
22 silly currentTree ├── private@0.1.6
22 silly currentTree ├── process-nextick-args@1.0.7
22 silly currentTree ├── process@0.11.2
22 silly currentTree ├── progress@1.1.8
22 silly currentTree ├── promise@7.1.1
22 silly currentTree ├── proxy-addr@1.0.10
22 silly currentTree ├── prr@0.0.0
22 silly currentTree ├── punycode@1.4.1
22 silly currentTree ├── q@1.4.1
22 silly currentTree ├── qs@6.1.0
22 silly currentTree ├── query-string@4.1.0
22 silly currentTree ├── querystring-es3@0.2.1
22 silly currentTree ├── querystring@0.2.0
22 silly currentTree ├── querystringify@0.0.3
22 silly currentTree ├── randomatic@1.1.5
22 silly currentTree ├── range-parser@1.0.3
22 silly currentTree ├── raw-loader@0.5.1
22 silly currentTree ├── readable-stream@2.1.2
22 silly currentTree ├── readdirp@2.0.0
22 silly currentTree ├─┬ reduce-css-calc@1.2.3
22 silly currentTree │ └── balanced-match@0.1.0
22 silly currentTree ├─┬ reduce-function-call@1.0.1
22 silly currentTree │ └── balanced-match@0.1.0
22 silly currentTree ├── regenerate@1.2.1
22 silly currentTree ├── regex-cache@0.4.3
22 silly currentTree ├── regexp-clone@0.0.1
22 silly currentTree ├── regexpu-core@1.0.0
22 silly currentTree ├── regjsgen@0.2.0
22 silly currentTree ├── regjsparser@0.1.5
22 silly currentTree ├── repeat-element@1.1.2
22 silly currentTree ├── repeat-string@1.5.4
22 silly currentTree ├── repeating@1.1.3
22 silly currentTree ├── request@2.72.0
22 silly currentTree ├── require_optional@1.0.0
22 silly currentTree ├── requires-port@1.0.0
22 silly currentTree ├── resolve-from@2.0.0
22 silly currentTree ├── right-align@0.1.3
22 silly currentTree ├── ripemd160@0.2.0
22 silly currentTree ├── sax@1.2.1
22 silly currentTree ├── semver@5.1.0
22 silly currentTree ├── send@0.13.1
22 silly currentTree ├── serve-index@1.7.3
22 silly currentTree ├── serve-static@1.10.2
22 silly currentTree ├── sha.js@2.2.6
22 silly currentTree ├── shebang-regex@1.0.0
22 silly currentTree ├── skeleton-less@2.0.1
22 silly currentTree ├── slash@1.0.0
22 silly currentTree ├── sliced@1.0.1
22 silly currentTree ├── sntp@1.0.9
22 silly currentTree ├─┬ sockjs-client@1.1.0
22 silly currentTree │ └── faye-websocket@0.11.0
22 silly currentTree ├── sockjs@0.3.17
22 silly currentTree ├── sort-keys@1.1.1
22 silly currentTree ├── source-list-map@0.1.6
22 silly currentTree ├─┬ source-map-support@0.2.10
22 silly currentTree │ └── source-map@0.1.32
22 silly currentTree ├── source-map@0.5.6
22 silly currentTree ├── sprintf-js@1.0.3
22 silly currentTree ├── sshpk@1.8.3
22 silly currentTree ├── statuses@1.2.1
22 silly currentTree ├─┬ stream-browserify@1.0.0
22 silly currentTree │ ├── isarray@0.0.1
22 silly currentTree │ └── readable-stream@1.1.14
22 silly currentTree ├── stream-cache@0.0.2
22 silly currentTree ├── stream-consume@0.1.0
22 silly currentTree ├── strict-uri-encode@1.1.0
22 silly currentTree ├── string_decoder@0.10.31
22 silly currentTree ├── strip-ansi@3.0.1
22 silly currentTree ├── style-loader@0.13.1
22 silly currentTree ├── supports-color@2.0.0
22 silly currentTree ├── svgo@0.6.6
22 silly currentTree ├── tapable@0.1.10
22 silly currentTree ├── timers-browserify@1.4.2
22 silly currentTree ├── to-fast-properties@1.0.2
22 silly currentTree ├── trim-right@1.0.1
22 silly currentTree ├── tty-browserify@0.0.0
22 silly currentTree ├── type-is@1.6.12
22 silly currentTree ├── uglify-js@2.6.2
22 silly currentTree ├── uglify-to-browserify@1.0.2
22 silly currentTree ├── uniq@1.0.1
22 silly currentTree ├── uniqid@1.0.0
22 silly currentTree ├── uniqs@2.0.0
22 silly currentTree ├── unpipe@1.0.0
22 silly currentTree ├─┬ url-loader@0.5.7
22 silly currentTree │ └── mime@1.2.11
22 silly currentTree ├── url-parse@1.1.1
22 silly currentTree ├─┬ url@0.10.3
22 silly currentTree │ └── punycode@1.3.2
22 silly currentTree ├── user-home@1.1.1
22 silly currentTree ├── util-deprecate@1.0.2
22 silly currentTree ├── util@0.10.3
22 silly currentTree ├── utils-merge@1.0.0
22 silly currentTree ├── uuid@2.0.2
22 silly currentTree ├── vary@1.0.1
22 silly currentTree ├── vm-browserify@0.0.4
22 silly currentTree ├─┬ watchpack@0.2.9
22 silly currentTree │ └── async@0.9.2
22 silly currentTree ├─┬ webpack-core@0.6.8
22 silly currentTree │ └── source-map@0.4.4
22 silly currentTree ├── webpack-dev-middleware@1.6.1
22 silly currentTree ├─┬ webpack-dev-server@1.14.1
22 silly currentTree │ └── supports-color@3.1.2
22 silly currentTree ├── webpack-sources@0.1.2
22 silly currentTree ├─┬ webpack@1.13.0
22 silly currentTree │ ├── async@1.5.2
22 silly currentTree │ └── supports-color@3.1.2
22 silly currentTree ├── websocket-driver@0.6.4
22 silly currentTree ├── websocket-extensions@0.1.1
22 silly currentTree ├── whet.extend@0.9.9
22 silly currentTree ├── window-size@0.1.0
22 silly currentTree ├── wordwrap@0.0.2
22 silly currentTree └── yargs@3.10.0
23 silly idealTree Swapi@1.0.0
23 silly idealTree ├── accepts@1.2.13
23 silly idealTree ├── acorn@3.1.0
23 silly idealTree ├── align-text@0.1.4
23 silly idealTree ├── alphanum-sort@1.0.2
23 silly idealTree ├── amdefine@1.0.0
23 silly idealTree ├── angular@1.5.5
23 silly idealTree ├── ansi-regex@2.0.0
23 silly idealTree ├── ansi-styles@2.2.1
23 silly idealTree ├── anymatch@1.3.0
23 silly idealTree ├── argparse@1.0.7
23 silly idealTree ├── arr-diff@2.0.0
23 silly idealTree ├── arr-flatten@1.0.1
23 silly idealTree ├── array-flatten@1.1.1
23 silly idealTree ├── array-unique@0.2.1
23 silly idealTree ├── arrify@1.0.1
23 silly idealTree ├── asap@2.0.4
23 silly idealTree ├── assert@1.3.0
23 silly idealTree ├── async-each@1.0.0
23 silly idealTree ├── async@0.2.10
23 silly idealTree ├── autoprefixer@6.3.6
23 silly idealTree ├── axios@0.12.0
23 silly idealTree ├── babel-code-frame@6.8.0
23 silly idealTree ├── babel-core@6.8.0
23 silly idealTree ├── babel-generator@6.8.0
23 silly idealTree ├── babel-helper-call-delegate@6.8.0
23 silly idealTree ├── babel-helper-define-map@6.8.0
23 silly idealTree ├── babel-helper-function-name@6.8.0
23 silly idealTree ├── babel-helper-get-function-arity@6.8.0
23 silly idealTree ├── babel-helper-hoist-variables@6.8.0
23 silly idealTree ├── babel-helper-optimise-call-expression@6.8.0
23 silly idealTree ├── babel-helper-regex@6.8.0
23 silly idealTree ├── babel-helper-replace-supers@6.8.0
23 silly idealTree ├── babel-helpers@6.8.0
23 silly idealTree ├── babel-loader@6.2.4
23 silly idealTree ├── babel-messages@6.8.0
23 silly idealTree ├── babel-plugin-check-es2015-constants@6.8.0
23 silly idealTree ├── babel-plugin-syntax-async-functions@6.8.0
23 silly idealTree ├── babel-plugin-transform-es2015-arrow-functions@6.8.0
23 silly idealTree ├── babel-plugin-transform-es2015-block-scoped-functions@6.8.0
23 silly idealTree ├── babel-plugin-transform-es2015-block-scoping@6.8.0
23 silly idealTree ├── babel-plugin-transform-es2015-classes@6.8.0
23 silly idealTree ├── babel-plugin-transform-es2015-computed-properties@6.8.0
23 silly idealTree ├── babel-plugin-transform-es2015-destructuring@6.8.0
23 silly idealTree ├── babel-plugin-transform-es2015-duplicate-keys@6.8.0
23 silly idealTree ├── babel-plugin-transform-es2015-for-of@6.8.0
23 silly idealTree ├── babel-plugin-transform-es2015-function-name@6.8.0
23 silly idealTree ├── babel-plugin-transform-es2015-literals@6.8.0
23 silly idealTree ├── babel-plugin-transform-es2015-modules-commonjs@6.8.0
23 silly idealTree ├── babel-plugin-transform-es2015-object-super@6.8.0
23 silly idealTree ├── babel-plugin-transform-es2015-parameters@6.8.0
23 silly idealTree ├── babel-plugin-transform-es2015-shorthand-properties@6.8.0
23 silly idealTree ├── babel-plugin-transform-es2015-spread@6.8.0
23 silly idealTree ├── babel-plugin-transform-es2015-sticky-regex@6.8.0
23 silly idealTree ├── babel-plugin-transform-es2015-template-literals@6.8.0
23 silly idealTree ├── babel-plugin-transform-es2015-typeof-symbol@6.8.0
23 silly idealTree ├── babel-plugin-transform-es2015-unicode-regex@6.8.0
23 silly idealTree ├── babel-plugin-transform-regenerator@6.8.0
23 silly idealTree ├── babel-plugin-transform-strict-mode@6.8.0
23 silly idealTree ├── babel-preset-es2015@6.6.0
23 silly idealTree ├── babel-register@6.8.0
23 silly idealTree ├── babel-runtime@6.6.1
23 silly idealTree ├── babel-template@6.8.0
23 silly idealTree ├── babel-traverse@6.8.0
23 silly idealTree ├── babel-types@6.8.1
23 silly idealTree ├── babylon@6.8.0
23 silly idealTree ├── balanced-match@0.4.1
23 silly idealTree ├── base64-js@0.0.8
23 silly idealTree ├── Base64@0.2.1
23 silly idealTree ├── basic-auth@1.0.3
23 silly idealTree ├── batch@0.5.3
23 silly idealTree ├── big.js@3.1.3
23 silly idealTree ├── binary-extensions@1.4.0
23 silly idealTree ├── bluebird@2.10.2
23 silly idealTree ├── brace-expansion@1.1.4
23 silly idealTree ├── braces@1.8.4
23 silly idealTree ├── browserify-zlib@0.1.4
23 silly idealTree ├── browserslist@1.3.1
23 silly idealTree ├── bson@0.4.23
23 silly idealTree ├── buffer@3.6.0
23 silly idealTree ├── bytes@2.2.0
23 silly idealTree ├── camelcase@1.2.1
23 silly idealTree ├── caniuse-db@1.0.30000463
23 silly idealTree ├── center-align@0.1.3
23 silly idealTree ├── chalk@1.1.3
23 silly idealTree ├── chokidar@1.4.3
23 silly idealTree ├─┬ clap@1.1.0
23 silly idealTree │ └── chalk@1.1.1
23 silly idealTree ├── cliui@2.1.0
23 silly idealTree ├── clone@1.0.2
23 silly idealTree ├── coa@1.0.1
23 silly idealTree ├── color-convert@0.5.3
23 silly idealTree ├── color-name@1.1.1
23 silly idealTree ├── color-string@0.3.0
23 silly idealTree ├── color@0.11.1
23 silly idealTree ├── colormin@1.1.0
23 silly idealTree ├── colors@1.1.2
23 silly idealTree ├── compressible@2.0.7
23 silly idealTree ├─┬ compression@1.6.1
23 silly idealTree │ ├── accepts@1.3.3
23 silly idealTree │ ├── negotiator@0.6.1
23 silly idealTree │ └── vary@1.1.0
23 silly idealTree ├── concat-map@0.0.1
23 silly idealTree ├── connect-history-api-fallback@1.1.0
23 silly idealTree ├── console-browserify@1.1.0
23 silly idealTree ├── constants-browserify@0.0.1
23 silly idealTree ├── content-disposition@0.5.1
23 silly idealTree ├── content-type@1.0.1
23 silly idealTree ├── convert-source-map@1.2.0
23 silly idealTree ├── cookie-signature@1.0.6
23 silly idealTree ├── cookie@0.1.5
23 silly idealTree ├── core-js@2.3.0
23 silly idealTree ├── core-util-is@1.0.2
23 silly idealTree ├── crypto-browserify@3.2.8
23 silly idealTree ├── css-color-names@0.0.3
23 silly idealTree ├── css-loader@0.23.1
23 silly idealTree ├── css-selector-tokenizer@0.5.4
23 silly idealTree ├── cssesc@0.1.0
23 silly idealTree ├── cssnano@3.5.2
23 silly idealTree ├── csso@2.0.0
23 silly idealTree ├── date-now@0.1.4
23 silly idealTree ├── debug@2.2.0
23 silly idealTree ├── decamelize@1.2.0
23 silly idealTree ├── defined@1.0.0
23 silly idealTree ├── depd@1.1.0
23 silly idealTree ├── destroy@1.0.4
23 silly idealTree ├── detect-indent@3.0.1
23 silly idealTree ├── domain-browser@1.1.7
23 silly idealTree ├── dotenv@2.0.0
23 silly idealTree ├── ee-first@1.1.1
23 silly idealTree ├── ejs@2.4.1
23 silly idealTree ├── emojis-list@1.0.2
23 silly idealTree ├─┬ enhanced-resolve@0.9.1
23 silly idealTree │ └── memory-fs@0.2.0
23 silly idealTree ├── errno@0.1.4
23 silly idealTree ├── es6-promise@3.0.2
23 silly idealTree ├── escape-html@1.0.3
23 silly idealTree ├── escape-string-regexp@1.0.5
23 silly idealTree ├── esprima@2.7.2
23 silly idealTree ├── esutils@2.0.2
23 silly idealTree ├── etag@1.7.0
23 silly idealTree ├── eventemitter3@1.2.0
23 silly idealTree ├── events@1.1.0
23 silly idealTree ├── eventsource@0.1.6
23 silly idealTree ├── expand-brackets@0.1.5
23 silly idealTree ├── expand-range@1.8.1
23 silly idealTree ├─┬ express@4.13.4
23 silly idealTree │ └── qs@4.0.0
23 silly idealTree ├── extglob@0.3.2
23 silly idealTree ├─┬ extract-text-webpack-plugin@1.0.1
23 silly idealTree │ └── async@1.5.2
23 silly idealTree ├── fastparse@1.1.1
23 silly idealTree ├── faye-websocket@0.10.0
23 silly idealTree ├── file-loader@0.8.5
23 silly idealTree ├── filename-regex@2.0.0
23 silly idealTree ├── fill-range@2.2.3
23 silly idealTree ├── finalhandler@0.4.1
23 silly idealTree ├── flatten@1.0.2
23 silly idealTree ├── follow-redirects@0.0.7
23 silly idealTree ├── for-in@0.1.5
23 silly idealTree ├── for-own@0.1.4
23 silly idealTree ├── forwarded@0.1.0
23 silly idealTree ├── fresh@0.3.0
23 silly idealTree ├─┬ fsevents@1.0.12
23 silly idealTree │ ├── ansi-regex@2.0.0
23 silly idealTree │ ├── ansi-styles@2.2.1
23 silly idealTree │ ├── ansi@0.3.1
23 silly idealTree │ ├── are-we-there-yet@1.1.2
23 silly idealTree │ ├── asn1@0.2.3
23 silly idealTree │ ├── assert-plus@0.2.0
23 silly idealTree │ ├── async@1.5.2
23 silly idealTree │ ├── aws-sign2@0.6.0
23 silly idealTree │ ├─┬ aws4@1.3.2
23 silly idealTree │ │ └─┬ lru-cache@4.0.1
23 silly idealTree │ │   ├── pseudomap@1.0.2
23 silly idealTree │ │   └── yallist@2.0.0
23 silly idealTree │ ├── bl@1.0.3
23 silly idealTree │ ├── block-stream@0.0.8
23 silly idealTree │ ├── boom@2.10.1
23 silly idealTree │ ├── caseless@0.11.0
23 silly idealTree │ ├── chalk@1.1.3
23 silly idealTree │ ├── combined-stream@1.0.5
23 silly idealTree │ ├── commander@2.9.0
23 silly idealTree │ ├── core-util-is@1.0.2
23 silly idealTree │ ├── cryptiles@2.0.5
23 silly idealTree │ ├─┬ dashdash@1.13.0
23 silly idealTree │ │ └── assert-plus@1.0.0
23 silly idealTree │ ├── debug@2.2.0
23 silly idealTree │ ├── deep-extend@0.4.1
23 silly idealTree │ ├── delayed-stream@1.0.0
23 silly idealTree │ ├── delegates@1.0.0
23 silly idealTree │ ├── ecc-jsbn@0.1.1
23 silly idealTree │ ├── escape-string-regexp@1.0.5
23 silly idealTree │ ├── extend@3.0.0
23 silly idealTree │ ├── extsprintf@1.0.2
23 silly idealTree │ ├── forever-agent@0.6.1
23 silly idealTree │ ├── form-data@1.0.0-rc4
23 silly idealTree │ ├─┬ fstream-ignore@1.0.3
23 silly idealTree │ │ └─┬ minimatch@3.0.0
23 silly idealTree │ │   └─┬ brace-expansion@1.1.3
23 silly idealTree │ │     ├── balanced-match@0.3.0
23 silly idealTree │ │     └── concat-map@0.0.1
23 silly idealTree │ ├── fstream@1.0.8
23 silly idealTree │ ├── gauge@1.2.7
23 silly idealTree │ ├── generate-function@2.0.0
23 silly idealTree │ ├── generate-object-property@1.2.0
23 silly idealTree │ ├── graceful-fs@4.1.3
23 silly idealTree │ ├── graceful-readlink@1.0.1
23 silly idealTree │ ├── har-validator@2.0.6
23 silly idealTree │ ├── has-ansi@2.0.0
23 silly idealTree │ ├── has-unicode@2.0.0
23 silly idealTree │ ├── hawk@3.1.3
23 silly idealTree │ ├── hoek@2.16.3
23 silly idealTree │ ├── http-signature@1.1.1
23 silly idealTree │ ├── inherits@2.0.1
23 silly idealTree │ ├── ini@1.3.4
23 silly idealTree │ ├── is-my-json-valid@2.13.1
23 silly idealTree │ ├── is-property@1.0.2
23 silly idealTree │ ├── is-typedarray@1.0.0
23 silly idealTree │ ├── isarray@1.0.0
23 silly idealTree │ ├── isstream@0.1.2
23 silly idealTree │ ├── jodid25519@1.0.2
23 silly idealTree │ ├── jsbn@0.1.0
23 silly idealTree │ ├── json-schema@0.2.2
23 silly idealTree │ ├── json-stringify-safe@5.0.1
23 silly idealTree │ ├── jsonpointer@2.0.0
23 silly idealTree │ ├── jsprim@1.2.2
23 silly idealTree │ ├── lodash.pad@4.1.0
23 silly idealTree │ ├── lodash.padend@4.2.0
23 silly idealTree │ ├── lodash.padstart@4.2.0
23 silly idealTree │ ├── lodash.repeat@4.0.0
23 silly idealTree │ ├── lodash.tostring@4.1.2
23 silly idealTree │ ├── mime-db@1.22.0
23 silly idealTree │ ├── mime-types@2.1.10
23 silly idealTree │ ├── minimist@0.0.8
23 silly idealTree │ ├── mkdirp@0.5.1
23 silly idealTree │ ├── ms@0.7.1
23 silly idealTree │ ├─┬ node-pre-gyp@0.6.25
23 silly idealTree │ │ └─┬ nopt@3.0.6
23 silly idealTree │ │   └── abbrev@1.0.7
23 silly idealTree │ ├── node-uuid@1.4.7
23 silly idealTree │ ├── npmlog@2.0.3
23 silly idealTree │ ├── oauth-sign@0.8.1
23 silly idealTree │ ├── once@1.3.3
23 silly idealTree │ ├── pinkie-promise@2.0.0
23 silly idealTree │ ├── pinkie@2.0.4
23 silly idealTree │ ├── process-nextick-args@1.0.6
23 silly idealTree │ ├── qs@6.0.2
23 silly idealTree │ ├─┬ rc@1.1.6
23 silly idealTree │ │ └── minimist@1.2.0
23 silly idealTree │ ├── readable-stream@2.0.6
23 silly idealTree │ ├── request@2.69.0
23 silly idealTree │ ├─┬ rimraf@2.5.2
23 silly idealTree │ │ └─┬ glob@7.0.3
23 silly idealTree │ │   ├─┬ inflight@1.0.4
23 silly idealTree │ │   │ └── wrappy@1.0.1
23 silly idealTree │ │   ├── inherits@2.0.1
23 silly idealTree │ │   ├─┬ minimatch@3.0.0
23 silly idealTree │ │   │ └─┬ brace-expansion@1.1.3
23 silly idealTree │ │   │   ├── balanced-match@0.3.0
23 silly idealTree │ │   │   └── concat-map@0.0.1
23 silly idealTree │ │   ├─┬ once@1.3.3
23 silly idealTree │ │   │ └── wrappy@1.0.1
23 silly idealTree │ │   └── path-is-absolute@1.0.0
23 silly idealTree │ ├── semver@5.1.0
23 silly idealTree │ ├── sntp@1.0.9
23 silly idealTree │ ├── sshpk@1.7.4
23 silly idealTree │ ├── string_decoder@0.10.31
23 silly idealTree │ ├── stringstream@0.0.5
23 silly idealTree │ ├── strip-ansi@3.0.1
23 silly idealTree │ ├── strip-json-comments@1.0.4
23 silly idealTree │ ├── supports-color@2.0.0
23 silly idealTree │ ├── tar-pack@3.1.3
23 silly idealTree │ ├── tar@2.2.1
23 silly idealTree │ ├── tough-cookie@2.2.2
23 silly idealTree │ ├── tunnel-agent@0.4.2
23 silly idealTree │ ├── tweetnacl@0.14.3
23 silly idealTree │ ├── uid-number@0.0.6
23 silly idealTree │ ├── util-deprecate@1.0.2
23 silly idealTree │ ├── verror@1.3.6
23 silly idealTree │ ├── wrappy@1.0.1
23 silly idealTree │ └── xtend@4.0.1
23 silly idealTree ├── get-stdin@4.0.1
23 silly idealTree ├── glob-base@0.3.0
23 silly idealTree ├── glob-parent@2.0.0
23 silly idealTree ├── globals@8.18.0
23 silly idealTree ├── graceful-fs@4.1.3
23 silly idealTree ├── has-ansi@2.0.0
23 silly idealTree ├── has-flag@1.0.0
23 silly idealTree ├── has-own@1.0.0
23 silly idealTree ├── home-or-tmp@1.0.0
23 silly idealTree ├── hooks-fixed@1.1.0
23 silly idealTree ├── html-comment-regex@1.1.0
23 silly idealTree ├── http-browserify@1.7.0
23 silly idealTree ├── http-errors@1.3.1
23 silly idealTree ├── http-proxy@1.13.2
23 silly idealTree ├── https-browserify@0.0.0
23 silly idealTree ├── icss-replace-symbols@1.0.2
23 silly idealTree ├── ieee754@1.1.6
23 silly idealTree ├── image-size@0.4.0
23 silly idealTree ├── indexes-of@1.0.1
23 silly idealTree ├── indexof@0.0.1
23 silly idealTree ├── inherits@2.0.1
23 silly idealTree ├── interpret@0.6.6
23 silly idealTree ├── invariant@2.2.1
23 silly idealTree ├── ipaddr.js@1.0.5
23 silly idealTree ├── is-absolute-url@2.0.0
23 silly idealTree ├── is-binary-path@1.0.1
23 silly idealTree ├── is-buffer@1.1.3
23 silly idealTree ├── is-dotfile@1.0.2
23 silly idealTree ├── is-equal-shallow@0.1.3
23 silly idealTree ├── is-extendable@0.1.1
23 silly idealTree ├── is-extglob@1.0.0
23 silly idealTree ├── is-finite@1.0.1
23 silly idealTree ├── is-glob@2.0.1
23 silly idealTree ├── is-integer@1.0.6
23 silly idealTree ├── is-number@2.1.0
23 silly idealTree ├── is-plain-obj@1.1.0
23 silly idealTree ├── is-posix-bracket@0.1.1
23 silly idealTree ├── is-primitive@2.0.0
23 silly idealTree ├── is-svg@2.0.0
23 silly idealTree ├── isarray@1.0.0
23 silly idealTree ├── isobject@2.1.0
23 silly idealTree ├── js-base64@2.1.9
23 silly idealTree ├── js-tokens@1.0.3
23 silly idealTree ├── js-yaml@3.6.0
23 silly idealTree ├── jsesc@0.5.0
23 silly idealTree ├── json3@3.3.2
23 silly idealTree ├── json5@0.4.0
23 silly idealTree ├── kareem@1.0.1
23 silly idealTree ├── kind-of@3.0.3
23 silly idealTree ├── lazy-cache@1.0.4
23 silly idealTree ├── less-loader@2.2.3
23 silly idealTree ├── less@2.6.1
23 silly idealTree ├─┬ loader-utils@0.2.14
23 silly idealTree │ └── json5@0.5.0
23 silly idealTree ├── lodash._createcompounder@3.0.0
23 silly idealTree ├── lodash._root@3.0.1
23 silly idealTree ├── lodash.camelcase@3.0.1
23 silly idealTree ├── lodash.deburr@3.2.0
23 silly idealTree ├── lodash.words@3.2.0
23 silly idealTree ├── lodash@3.10.1
23 silly idealTree ├── longest@1.0.1
23 silly idealTree ├── loose-envify@1.1.0
23 silly idealTree ├── media-typer@0.3.0
23 silly idealTree ├── memory-fs@0.3.0
23 silly idealTree ├── merge-descriptors@1.0.1
23 silly idealTree ├── methods@1.1.2
23 silly idealTree ├── micromatch@2.3.8
23 silly idealTree ├── mime-db@1.23.0
23 silly idealTree ├── mime-types@2.1.11
23 silly idealTree ├── mime@1.3.4
23 silly idealTree ├── minimatch@2.0.10
23 silly idealTree ├── minimist@1.2.0
23 silly idealTree ├─┬ mkdirp@0.5.1
23 silly idealTree │ └── minimist@0.0.8
23 silly idealTree ├── mongodb-core@1.3.18
23 silly idealTree ├─┬ mongodb@2.1.18
23 silly idealTree │ ├── isarray@0.0.1
23 silly idealTree │ └── readable-stream@1.0.31
23 silly idealTree ├─┬ mongoose@4.4.14
23 silly idealTree │ └── async@1.5.2
23 silly idealTree ├── morgan@1.7.0
23 silly idealTree ├── mpath@0.2.1
23 silly idealTree ├── mpromise@0.5.5
23 silly idealTree ├─┬ mquery@1.10.0
23 silly idealTree │ └── sliced@0.0.5
23 silly idealTree ├── ms@0.7.1
23 silly idealTree ├── muri@1.1.0
23 silly idealTree ├── nan@2.3.3
23 silly idealTree ├── negotiator@0.5.3
23 silly idealTree ├─┬ node-libs-browser@0.5.3
23 silly idealTree │ ├── isarray@0.0.1
23 silly idealTree │ └── readable-stream@1.1.14
23 silly idealTree ├── normalize-path@2.0.1
23 silly idealTree ├── normalize-range@0.1.2
23 silly idealTree ├── normalize-url@1.5.0
23 silly idealTree ├── num2fraction@1.2.2
23 silly idealTree ├── number-is-nan@1.0.0
23 silly idealTree ├── object-assign@4.1.0
23 silly idealTree ├── object.omit@2.0.0
23 silly idealTree ├── on-finished@2.3.0
23 silly idealTree ├── on-headers@1.0.1
23 silly idealTree ├─┬ optimist@0.6.1
23 silly idealTree │ └── minimist@0.0.10
23 silly idealTree ├─┬ original@1.0.0
23 silly idealTree │ └── url-parse@1.0.5
23 silly idealTree ├── os-browserify@0.1.2
23 silly idealTree ├── os-tmpdir@1.0.1
23 silly idealTree ├── pako@0.2.8
23 silly idealTree ├── parse-glob@3.0.4
23 silly idealTree ├── parseurl@1.3.1
23 silly idealTree ├── path-browserify@0.0.0
23 silly idealTree ├── path-exists@1.0.0
23 silly idealTree ├── path-is-absolute@1.0.0
23 silly idealTree ├── path-to-regexp@0.1.7
23 silly idealTree ├── pbkdf2-compat@2.0.1
23 silly idealTree ├── postcss-calc@5.2.1
23 silly idealTree ├── postcss-colormin@2.2.0
23 silly idealTree ├── postcss-convert-values@2.3.4
23 silly idealTree ├── postcss-discard-comments@2.0.4
23 silly idealTree ├── postcss-discard-duplicates@2.0.1
23 silly idealTree ├── postcss-discard-empty@2.1.0
23 silly idealTree ├── postcss-discard-unused@2.2.1
23 silly idealTree ├── postcss-filter-plugins@2.0.0
23 silly idealTree ├── postcss-merge-idents@2.1.5
23 silly idealTree ├── postcss-merge-longhand@2.0.1
23 silly idealTree ├── postcss-merge-rules@2.0.8
23 silly idealTree ├── postcss-message-helpers@2.0.0
23 silly idealTree ├── postcss-minify-font-values@1.0.4
23 silly idealTree ├── postcss-minify-gradients@1.0.1
23 silly idealTree ├── postcss-minify-params@1.0.4
23 silly idealTree ├── postcss-minify-selectors@2.0.5
23 silly idealTree ├── postcss-modules-extract-imports@1.0.0
23 silly idealTree ├── postcss-modules-local-by-default@1.0.1
23 silly idealTree ├── postcss-modules-scope@1.0.0
23 silly idealTree ├── postcss-modules-values@1.1.2
23 silly idealTree ├── postcss-normalize-charset@1.1.0
23 silly idealTree ├── postcss-normalize-url@3.0.7
23 silly idealTree ├── postcss-ordered-values@2.1.0
23 silly idealTree ├── postcss-reduce-idents@2.3.0
23 silly idealTree ├── postcss-reduce-transforms@1.0.3
23 silly idealTree ├── postcss-selector-parser@2.0.0
23 silly idealTree ├── postcss-svgo@2.1.3
23 silly idealTree ├── postcss-unique-selectors@2.0.2
23 silly idealTree ├── postcss-value-parser@3.3.0
23 silly idealTree ├── postcss-zindex@2.1.1
23 silly idealTree ├─┬ postcss@5.0.21
23 silly idealTree │ └── supports-color@3.1.2
23 silly idealTree ├── prepend-http@1.0.3
23 silly idealTree ├── preserve@0.2.0
23 silly idealTree ├── private@0.1.6
23 silly idealTree ├── process-nextick-args@1.0.7
23 silly idealTree ├── process@0.11.2
23 silly idealTree ├── progress@1.1.8
23 silly idealTree ├── promise@7.1.1
23 silly idealTree ├── proxy-addr@1.0.10
23 silly idealTree ├── prr@0.0.0
23 silly idealTree ├── punycode@1.4.1
23 silly idealTree ├── q@1.4.1
23 silly idealTree ├── query-string@4.1.0
23 silly idealTree ├── querystring-es3@0.2.1
23 silly idealTree ├── querystring@0.2.0
23 silly idealTree ├── querystringify@0.0.3
23 silly idealTree ├── randomatic@1.1.5
23 silly idealTree ├── range-parser@1.0.3
23 silly idealTree ├── raw-loader@0.5.1
23 silly idealTree ├── readable-stream@2.1.2
23 silly idealTree ├── readdirp@2.0.0
23 silly idealTree ├─┬ reduce-css-calc@1.2.3
23 silly idealTree │ └── balanced-match@0.1.0
23 silly idealTree ├─┬ reduce-function-call@1.0.1
23 silly idealTree │ └── balanced-match@0.1.0
23 silly idealTree ├── regenerate@1.2.1
23 silly idealTree ├── regex-cache@0.4.3
23 silly idealTree ├── regexp-clone@0.0.1
23 silly idealTree ├── regexpu-core@1.0.0
23 silly idealTree ├── regjsgen@0.2.0
23 silly idealTree ├── regjsparser@0.1.5
23 silly idealTree ├── repeat-element@1.1.2
23 silly idealTree ├── repeat-string@1.5.4
23 silly idealTree ├── repeating@1.1.3
23 silly idealTree ├── require_optional@1.0.0
23 silly idealTree ├── requires-port@1.0.0
23 silly idealTree ├── resolve-from@2.0.0
23 silly idealTree ├── right-align@0.1.3
23 silly idealTree ├── ripemd160@0.2.0
23 silly idealTree ├── sax@1.2.1
23 silly idealTree ├── semver@5.1.0
23 silly idealTree ├── send@0.13.1
23 silly idealTree ├── serve-index@1.7.3
23 silly idealTree ├── serve-static@1.10.2
23 silly idealTree ├── sha.js@2.2.6
23 silly idealTree ├── shebang-regex@1.0.0
23 silly idealTree ├── skeleton-less@2.0.1
23 silly idealTree ├── slash@1.0.0
23 silly idealTree ├── sliced@1.0.1
23 silly idealTree ├─┬ sockjs-client@1.1.0
23 silly idealTree │ └── faye-websocket@0.11.0
23 silly idealTree ├── sockjs@0.3.17
23 silly idealTree ├── sort-keys@1.1.1
23 silly idealTree ├── source-list-map@0.1.6
23 silly idealTree ├─┬ source-map-support@0.2.10
23 silly idealTree │ └── source-map@0.1.32
23 silly idealTree ├── source-map@0.5.6
23 silly idealTree ├── sprintf-js@1.0.3
23 silly idealTree ├── statuses@1.2.1
23 silly idealTree ├─┬ stream-browserify@1.0.0
23 silly idealTree │ ├── isarray@0.0.1
23 silly idealTree │ └── readable-stream@1.1.14
23 silly idealTree ├── stream-cache@0.0.2
23 silly idealTree ├── stream-consume@0.1.0
23 silly idealTree ├── strict-uri-encode@1.1.0
23 silly idealTree ├── string_decoder@0.10.31
23 silly idealTree ├── strip-ansi@3.0.1
23 silly idealTree ├── style-loader@0.13.1
23 silly idealTree ├── supports-color@2.0.0
23 silly idealTree ├── svgo@0.6.6
23 silly idealTree ├── tapable@0.1.10
23 silly idealTree ├── timers-browserify@1.4.2
23 silly idealTree ├── to-fast-properties@1.0.2
23 silly idealTree ├── trim-right@1.0.1
23 silly idealTree ├── tty-browserify@0.0.0
23 silly idealTree ├── type-is@1.6.12
23 silly idealTree ├── uglify-js@2.6.2
23 silly idealTree ├── uglify-to-browserify@1.0.2
23 silly idealTree ├── uniq@1.0.1
23 silly idealTree ├── uniqid@1.0.0
23 silly idealTree ├── uniqs@2.0.0
23 silly idealTree ├── unpipe@1.0.0
23 silly idealTree ├─┬ url-loader@0.5.7
23 silly idealTree │ └── mime@1.2.11
23 silly idealTree ├── url-parse@1.1.1
23 silly idealTree ├─┬ url@0.10.3
23 silly idealTree │ └── punycode@1.3.2
23 silly idealTree ├── user-home@1.1.1
23 silly idealTree ├── util-deprecate@1.0.2
23 silly idealTree ├── util@0.10.3
23 silly idealTree ├── utils-merge@1.0.0
23 silly idealTree ├── uuid@2.0.2
23 silly idealTree ├── vary@1.0.1
23 silly idealTree ├── vm-browserify@0.0.4
23 silly idealTree ├─┬ watchpack@0.2.9
23 silly idealTree │ └── async@0.9.2
23 silly idealTree ├─┬ webpack-core@0.6.8
23 silly idealTree │ └── source-map@0.4.4
23 silly idealTree ├── webpack-dev-middleware@1.6.1
23 silly idealTree ├─┬ webpack-dev-server@1.14.1
23 silly idealTree │ └── supports-color@3.1.2
23 silly idealTree ├── webpack-sources@0.1.2
23 silly idealTree ├─┬ webpack@1.13.0
23 silly idealTree │ ├── async@1.5.2
23 silly idealTree │ └── supports-color@3.1.2
23 silly idealTree ├── websocket-driver@0.6.4
23 silly idealTree ├── websocket-extensions@0.1.1
23 silly idealTree ├── whet.extend@0.9.9
23 silly idealTree ├── window-size@0.1.0
23 silly idealTree ├── wordwrap@0.0.2
23 silly idealTree └── yargs@3.10.0
24 silly generateActionsToTake Starting
25 silly install generateActionsToTake
26 silly generateActionsToTake Finishing
27 silly diffTrees action count 47
28 silly diffTrees remove request@2.72.0
29 silly diffTrees remove asn1@0.2.3
30 silly diffTrees remove assert-plus@0.2.0
31 silly diffTrees remove aws-sign2@0.6.0
32 silly diffTrees remove aws4@1.4.1
33 silly diffTrees remove bl@1.1.2
34 silly diffTrees remove readable-stream@2.0.6
35 silly diffTrees remove boom@2.10.1
36 silly diffTrees remove caseless@0.11.0
37 silly diffTrees remove combined-stream@1.0.5
38 silly diffTrees remove commander@2.9.0
39 silly diffTrees remove cryptiles@2.0.5
40 silly diffTrees remove dashdash@1.14.0
41 silly diffTrees remove assert-plus@1.0.0
42 silly diffTrees remove delayed-stream@1.0.0
43 silly diffTrees remove ecc-jsbn@0.1.1
44 silly diffTrees remove extend@3.0.0
45 silly diffTrees remove extsprintf@1.0.2
46 silly diffTrees remove forever-agent@0.6.1
47 silly diffTrees remove form-data@1.0.0-rc4
48 silly diffTrees remove async@1.5.2
49 silly diffTrees remove generate-function@2.0.0
50 silly diffTrees remove generate-object-property@1.2.0
51 silly diffTrees remove getpass@0.1.6
52 silly diffTrees remove assert-plus@1.0.0
53 silly diffTrees remove graceful-readlink@1.0.1
54 silly diffTrees remove har-validator@2.0.6
55 silly diffTrees remove hawk@3.1.3
56 silly diffTrees remove hoek@2.16.3
57 silly diffTrees remove http-signature@1.1.1
58 silly diffTrees remove is-my-json-valid@2.13.1
59 silly diffTrees remove is-property@1.0.2
60 silly diffTrees remove is-typedarray@1.0.0
61 silly diffTrees remove isstream@0.1.2
62 silly diffTrees remove jodid25519@1.0.2
63 silly diffTrees remove jsbn@0.1.0
64 silly diffTrees remove json-schema@0.2.2
65 silly diffTrees remove json-stringify-safe@5.0.1
66 silly diffTrees remove jsonpointer@2.0.0
67 silly diffTrees remove jsprim@1.2.2
68 silly diffTrees remove node-uuid@1.4.7
69 silly diffTrees remove oauth-sign@0.8.2
70 silly diffTrees remove pinkie@2.0.4
71 silly diffTrees remove pinkie-promise@2.0.1
72 silly diffTrees remove qs@6.1.0
73 silly diffTrees remove sntp@1.0.9
74 silly diffTrees remove sshpk@1.8.3
75 silly decomposeActions action count 47
76 silly decomposeActions remove request@2.72.0
77 silly decomposeActions remove asn1@0.2.3
78 silly decomposeActions remove assert-plus@0.2.0
79 silly decomposeActions remove aws-sign2@0.6.0
80 silly decomposeActions remove aws4@1.4.1
81 silly decomposeActions remove bl@1.1.2
82 silly decomposeActions remove readable-stream@2.0.6
83 silly decomposeActions remove boom@2.10.1
84 silly decomposeActions remove caseless@0.11.0
85 silly decomposeActions remove combined-stream@1.0.5
86 silly decomposeActions remove commander@2.9.0
87 silly decomposeActions remove cryptiles@2.0.5
88 silly decomposeActions remove dashdash@1.14.0
89 silly decomposeActions remove assert-plus@1.0.0
90 silly decomposeActions remove delayed-stream@1.0.0
91 silly decomposeActions remove ecc-jsbn@0.1.1
92 silly decomposeActions remove extend@3.0.0
93 silly decomposeActions remove extsprintf@1.0.2
94 silly decomposeActions remove forever-agent@0.6.1
95 silly decomposeActions remove form-data@1.0.0-rc4
96 silly decomposeActions remove async@1.5.2
97 silly decomposeActions remove generate-function@2.0.0
98 silly decomposeActions remove generate-object-property@1.2.0
99 silly decomposeActions remove getpass@0.1.6
100 silly decomposeActions remove assert-plus@1.0.0
101 silly decomposeActions remove graceful-readlink@1.0.1
102 silly decomposeActions remove har-validator@2.0.6
103 silly decomposeActions remove hawk@3.1.3
104 silly decomposeActions remove hoek@2.16.3
105 silly decomposeActions remove http-signature@1.1.1
106 silly decomposeActions remove is-my-json-valid@2.13.1
107 silly decomposeActions remove is-property@1.0.2
108 silly decomposeActions remove is-typedarray@1.0.0
109 silly decomposeActions remove isstream@0.1.2
110 silly decomposeActions remove jodid25519@1.0.2
111 silly decomposeActions remove jsbn@0.1.0
112 silly decomposeActions remove json-schema@0.2.2
113 silly decomposeActions remove json-stringify-safe@5.0.1
114 silly decomposeActions remove jsonpointer@2.0.0
115 silly decomposeActions remove jsprim@1.2.2
116 silly decomposeActions remove node-uuid@1.4.7
117 silly decomposeActions remove oauth-sign@0.8.2
118 silly decomposeActions remove pinkie@2.0.4
119 silly decomposeActions remove pinkie-promise@2.0.1
120 silly decomposeActions remove qs@6.1.0
121 silly decomposeActions remove sntp@1.0.9
122 silly decomposeActions remove sshpk@1.8.3
123 silly executeActions Starting
124 silly install executeActions
125 silly doSerial global-install 0
126 silly doParallel fetch 0
127 verbose lock using /Users/jakehasler/.npm/_locks/staging-9ae2109aa57afccd.lock for /Users/jakehasler/Developer/swapi/node_modules/.staging
128 silly doParallel extract 0
129 silly doParallel preinstall 0
130 silly doReverseSerial remove 47
131 silly remove /Users/jakehasler/Developer/swapi/node_modules/sshpk
132 verbose unbuild node_modules/sshpk
133 info lifecycle sshpk@1.8.3~preuninstall: sshpk@1.8.3
134 silly lifecycle sshpk@1.8.3~preuninstall: no script for preuninstall, continuing
135 info lifecycle sshpk@1.8.3~uninstall: sshpk@1.8.3
136 silly lifecycle sshpk@1.8.3~uninstall: no script for uninstall, continuing
137 verbose unbuild rmStuff sshpk@1.8.3 from /Users/jakehasler/Developer/swapi/node_modules
138 silly gentlyRm /Users/jakehasler/Developer/swapi/node_modules/.bin/sshpk-conv is being gently removed from base /Users/jakehasler/Developer/swapi/node_modules/sshpk
139 silly gentlyRm /Users/jakehasler/Developer/swapi/node_modules/.bin/sshpk-sign is being gently removed from base /Users/jakehasler/Developer/swapi/node_modules/sshpk
140 silly gentlyRm /Users/jakehasler/Developer/swapi/node_modules/.bin/sshpk-verify is being gently removed from base /Users/jakehasler/Developer/swapi/node_modules/sshpk
141 silly gentlyRm verifying /Users/jakehasler/Developer/swapi/node_modules/sshpk is an npm working directory
142 silly gentlyRm verifying /Users/jakehasler/Developer/swapi/node_modules/sshpk is an npm working directory
143 silly gentlyRm verifying /Users/jakehasler/Developer/swapi/node_modules/sshpk is an npm working directory
144 silly gentlyRm containing path /Users/jakehasler/Developer/swapi/node_modules/sshpk is under npm's control, in /Users/jakehasler/Developer/swapi
145 silly gentlyRm /Users/jakehasler/Developer/swapi/node_modules/.bin/sshpk-conv is not under /Users/jakehasler/Developer/swapi/node_modules/sshpk
146 silly gentlyRm verifying /Users/jakehasler/Developer/swapi/node_modules/.bin/sshpk-conv is an npm working directory
147 silly gentlyRm containing path /Users/jakehasler/Developer/swapi/node_modules/sshpk is under npm's control, in /Users/jakehasler/Developer/swapi
148 silly gentlyRm /Users/jakehasler/Developer/swapi/node_modules/.bin/sshpk-sign is not under /Users/jakehasler/Developer/swapi/node_modules/sshpk
149 silly gentlyRm verifying /Users/jakehasler/Developer/swapi/node_modules/.bin/sshpk-sign is an npm working directory
150 silly gentlyRm containing path /Users/jakehasler/Developer/swapi/node_modules/sshpk is under npm's control, in /Users/jakehasler/Developer/swapi
151 silly gentlyRm /Users/jakehasler/Developer/swapi/node_modules/.bin/sshpk-verify is not under /Users/jakehasler/Developer/swapi/node_modules/sshpk
152 silly gentlyRm verifying /Users/jakehasler/Developer/swapi/node_modules/.bin/sshpk-verify is an npm working directory
153 silly gentlyRm /Users/jakehasler/Developer/swapi/node_modules/.bin/sshpk-conv is under npm's control, in /Users/jakehasler/Developer/swapi
154 verbose gentlyRm /Users/jakehasler/Developer/swapi/node_modules/.bin/sshpk-conv is not under npm's control
155 silly gentlyRm checking to see if /Users/jakehasler/Developer/swapi/node_modules/.bin/sshpk-conv is a link
156 silly gentlyRm /Users/jakehasler/Developer/swapi/node_modules/.bin/sshpk-sign is under npm's control, in /Users/jakehasler/Developer/swapi
157 verbose gentlyRm /Users/jakehasler/Developer/swapi/node_modules/.bin/sshpk-sign is not under npm's control
158 silly gentlyRm checking to see if /Users/jakehasler/Developer/swapi/node_modules/.bin/sshpk-sign is a link
159 silly gentlyRm /Users/jakehasler/Developer/swapi/node_modules/.bin/sshpk-verify is under npm's control, in /Users/jakehasler/Developer/swapi
160 verbose gentlyRm /Users/jakehasler/Developer/swapi/node_modules/.bin/sshpk-verify is not under npm's control
161 silly gentlyRm checking to see if /Users/jakehasler/Developer/swapi/node_modules/.bin/sshpk-verify is a link
162 error gentlyRm /Users/jakehasler/Developer/swapi/node_modules/.bin/sshpk-conv is outside /Users/jakehasler/Developer/swapi/node_modules/sshpk and not a link
163 error gentlyRm /Users/jakehasler/Developer/swapi/node_modules/.bin/sshpk-sign is outside /Users/jakehasler/Developer/swapi/node_modules/sshpk and not a link
164 error gentlyRm /Users/jakehasler/Developer/swapi/node_modules/.bin/sshpk-verify is outside /Users/jakehasler/Developer/swapi/node_modules/sshpk and not a link
165 verbose unlock done using /Users/jakehasler/.npm/_locks/staging-9ae2109aa57afccd.lock for /Users/jakehasler/Developer/swapi/node_modules/.staging
166 silly rollbackFailedOptional Starting
167 silly rollbackFailedOptional Finishing
168 silly runTopLevelLifecycles Starting
169 silly runTopLevelLifecycles Finishing
170 silly install printInstalled
171 verbose stack Error: Refusing to delete: /Users/jakehasler/Developer/swapi/node_modules/.bin/sshpk-conv not in /Users/jakehasler/Developer/swapi/node_modules/sshpk
171 verbose stack     at clobberFail (/Users/jakehasler/.nvm/versions/node/v5.4.1/lib/node_modules/npm/lib/utils/gently-rm.js:192:12)
171 verbose stack     at /Users/jakehasler/.nvm/versions/node/v5.4.1/lib/node_modules/npm/lib/utils/gently-rm.js:121:20
171 verbose stack     at /Users/jakehasler/.nvm/versions/node/v5.4.1/lib/node_modules/npm/lib/utils/gently-rm.js:207:18
171 verbose stack     at /Users/jakehasler/.nvm/versions/node/v5.4.1/lib/node_modules/npm/node_modules/read-cmd-shim/index.js:45:12
171 verbose stack     at /Users/jakehasler/.nvm/versions/node/v5.4.1/lib/node_modules/npm/node_modules/graceful-fs/graceful-fs.js:76:16
171 verbose stack     at FSReqWrap.readFileAfterClose [as oncomplete] (fs.js:404:3)
172 verbose cwd /Users/jakehasler/Developer/swapi
173 error Darwin 15.4.0
174 error argv "/Users/jakehasler/.nvm/versions/node/v5.4.1/bin/node" "/Users/jakehasler/.nvm/versions/node/v5.4.1/bin/npm" "uninstall" "--save" "request"
175 error node v5.4.1
176 error npm  v3.3.12
177 error path /Users/jakehasler/Developer/swapi/node_modules/.bin/sshpk-conv
178 error code EEXIST
179 error Refusing to delete: /Users/jakehasler/Developer/swapi/node_modules/.bin/sshpk-conv not in /Users/jakehasler/Developer/swapi/node_modules/sshpk
File exists: /Users/jakehasler/Developer/swapi/node_modules/.bin/sshpk-conv
Move it away, and try again.
180 verbose exit [ 1, true ]
